#
# There is insufficient memory for the Java Runtime Environment to continue.
# Native memory allocation (malloc) failed to allocate 885216 bytes for Chunk::new
# Possible reasons:
#   The system is out of physical RAM or swap space
#   The process is running with CompressedOops enabled, and the Java Heap may be blocking the growth of the native heap
# Possible solutions:
#   Reduce memory load on the system
#   Increase physical memory or swap space
#   Check if swap backing store is full
#   Decrease Java heap size (-Xmx/-Xms)
#   Decrease number of Java threads
#   Decrease Java thread stack sizes (-Xss)
#   Set larger code cache with -XX:ReservedCodeCacheSize=
#   JVM is running with Zero Based Compressed Oops mode in which the Java heap is
#     placed in the first 32GB address space. The Java Heap base address is the
#     maximum limit for the native heap growth. Please use -XX:HeapBaseMinAddress
#     to set the Java Heap base and to place the Java Heap above 32GB virtual address.
# This output file may be truncated or incomplete.
#
#  Out of Memory Error (arena.cpp:191), pid=63724, tid=67612
#
# JRE version: OpenJDK Runtime Environment Temurin-17.0.10+7 (17.0.10+7) (build 17.0.10+7)
# Java VM: OpenJDK 64-Bit Server VM Temurin-17.0.10+7 (17.0.10+7, mixed mode, sharing, tiered, compressed oops, compressed class ptrs, g1 gc, windows-amd64)
# No core dump will be written. Minidumps are not enabled by default on client versions of Windows
#

---------------  S U M M A R Y ------------

Command Line: --add-opens=java.base/java.util=ALL-UNNAMED --add-opens=java.base/java.lang=ALL-UNNAMED --add-opens=java.base/java.lang.invoke=ALL-UNNAMED --add-opens=java.prefs/java.util.prefs=ALL-UNNAMED --add-opens=java.base/java.nio.charset=ALL-UNNAMED --add-opens=java.base/java.net=ALL-UNNAMED --add-opens=java.base/java.util.concurrent.atomic=ALL-UNNAMED -Xmx3G -Dfile.encoding=windows-1252 -Duser.country=US -Duser.language=en -Duser.variant -javaagent:C:\Users\jleto\.gradle\wrapper\dists\gradle-8.4-all\56r6xik2f6skrm47et0ibifug\gradle-8.4\lib\agents\gradle-instrumentation-agent-8.4.jar org.gradle.launcher.daemon.bootstrap.GradleDaemon 8.4

Host: AMD Ryzen 7 6800HS Creator Edition, 16 cores, 13G,  Windows 11 , 64 bit Build 22621 (10.0.22621.3085)
Time: Wed Mar  6 22:23:36 2024 Eastern Standard Time elapsed time: 1.865127 seconds (0d 0h 0m 1s)

---------------  T H R E A D  ---------------

Current thread (0x000002032f69cb80):  JavaThread "C2 CompilerThread0" daemon [_thread_in_native, id=67612, stack(0x000000c6c3800000,0x000000c6c3900000)]


Current CompileTask:
C2:   1865 2535       4       java.net.URLClassLoader$1::run (5 bytes)

Stack: [0x000000c6c3800000,0x000000c6c3900000]
Native frames: (J=compiled Java code, j=interpreted, Vv=VM code, C=native code)
V  [jvm.dll+0x67d2c9]
V  [jvm.dll+0x834afa]
V  [jvm.dll+0x8365be]
V  [jvm.dll+0x836c23]
V  [jvm.dll+0x2477ff]
V  [jvm.dll+0xac514]
V  [jvm.dll+0xacb5c]
V  [jvm.dll+0x2aed1f]
V  [jvm.dll+0x584b67]
V  [jvm.dll+0x2228a2]
V  [jvm.dll+0x222c8f]
V  [jvm.dll+0x21bdb6]
V  [jvm.dll+0x219201]
V  [jvm.dll+0x1a502d]
V  [jvm.dll+0x2290de]
V  [jvm.dll+0x2272ac]
V  [jvm.dll+0x7e9bb7]
V  [jvm.dll+0x7e3fba]
V  [jvm.dll+0x67c1b5]
C  [ucrtbase.dll+0x29363]
C  [KERNEL32.DLL+0x1257d]
C  [ntdll.dll+0x5aa58]


---------------  P R O C E S S  ---------------

Threads class SMR info:
_java_thread_list=0x000002037693cd60, length=26, elements={
0x000002030e12ce20, 0x000002032f67f150, 0x000002032f67ffd0, 0x000002032f696d70,
0x000002032f697840, 0x000002032f698400, 0x000002032f69add0, 0x000002032f69cb80,
0x000002032f6a1b40, 0x000002032f6ac560, 0x000002032f8e2b40, 0x000002032f8e99e0,
0x000002032f9c1ae0, 0x00000203760ed820, 0x000002037624ac40, 0x00000203768c5510,
0x00000203764671b0, 0x000002037646b920, 0x000002037655bb30, 0x0000020376537480,
0x0000020376430820, 0x000002037642d070, 0x000002037642f8f0, 0x000002037642e4b0,
0x000002037642da90, 0x000002037642fe00
}

Java Threads: ( => current thread )
  0x000002030e12ce20 JavaThread "main" [_thread_blocked, id=68284, stack(0x000000c6c2b00000,0x000000c6c2c00000)]
  0x000002032f67f150 JavaThread "Reference Handler" daemon [_thread_blocked, id=58976, stack(0x000000c6c3200000,0x000000c6c3300000)]
  0x000002032f67ffd0 JavaThread "Finalizer" daemon [_thread_blocked, id=71332, stack(0x000000c6c3300000,0x000000c6c3400000)]
  0x000002032f696d70 JavaThread "Signal Dispatcher" daemon [_thread_blocked, id=64152, stack(0x000000c6c3400000,0x000000c6c3500000)]
  0x000002032f697840 JavaThread "Attach Listener" daemon [_thread_blocked, id=64768, stack(0x000000c6c3500000,0x000000c6c3600000)]
  0x000002032f698400 JavaThread "Service Thread" daemon [_thread_blocked, id=72152, stack(0x000000c6c3600000,0x000000c6c3700000)]
  0x000002032f69add0 JavaThread "Monitor Deflation Thread" daemon [_thread_blocked, id=38588, stack(0x000000c6c3700000,0x000000c6c3800000)]
=>0x000002032f69cb80 JavaThread "C2 CompilerThread0" daemon [_thread_in_native, id=67612, stack(0x000000c6c3800000,0x000000c6c3900000)]
  0x000002032f6a1b40 JavaThread "C1 CompilerThread0" daemon [_thread_blocked, id=63308, stack(0x000000c6c3900000,0x000000c6c3a00000)]
  0x000002032f6ac560 JavaThread "Sweeper thread" daemon [_thread_blocked, id=28048, stack(0x000000c6c3a00000,0x000000c6c3b00000)]
  0x000002032f8e2b40 JavaThread "Common-Cleaner" daemon [_thread_blocked, id=67056, stack(0x000000c6c3b00000,0x000000c6c3c00000)]
  0x000002032f8e99e0 JavaThread "C1 CompilerThread1" daemon [_thread_blocked, id=50768, stack(0x000000c6c3c00000,0x000000c6c3d00000)]
  0x000002032f9c1ae0 JavaThread "Notification Thread" daemon [_thread_blocked, id=43936, stack(0x000000c6c3d00000,0x000000c6c3e00000)]
  0x00000203760ed820 JavaThread "Daemon health stats" [_thread_blocked, id=72380, stack(0x000000c6c4300000,0x000000c6c4400000)]
  0x000002037624ac40 JavaThread "Incoming local TCP Connector on port 56614" [_thread_in_native, id=46920, stack(0x000000c6c4400000,0x000000c6c4500000)]
  0x00000203768c5510 JavaThread "Daemon periodic checks" [_thread_blocked, id=64164, stack(0x000000c6c4500000,0x000000c6c4600000)]
  0x00000203764671b0 JavaThread "Daemon" [_thread_blocked, id=71848, stack(0x000000c6c4600000,0x000000c6c4700000)]
  0x000002037646b920 JavaThread "Handler for socket connection from /127.0.0.1:56614 to /127.0.0.1:56615" [_thread_in_native, id=62460, stack(0x000000c6c4700000,0x000000c6c4800000)]
  0x000002037655bb30 JavaThread "Cancel handler" [_thread_blocked, id=72172, stack(0x000000c6c4800000,0x000000c6c4900000)]
  0x0000020376537480 JavaThread "Daemon worker" [_thread_in_vm, id=69420, stack(0x000000c6c4900000,0x000000c6c4a00000)]
  0x0000020376430820 JavaThread "Asynchronous log dispatcher for DefaultDaemonConnection: socket connection from /127.0.0.1:56614 to /127.0.0.1:56615" [_thread_blocked, id=46360, stack(0x000000c6c4a00000,0x000000c6c4b00000)]
  0x000002037642d070 JavaThread "Stdin handler" [_thread_blocked, id=68108, stack(0x000000c6c4b00000,0x000000c6c4c00000)]
  0x000002037642f8f0 JavaThread "Daemon client event forwarder" [_thread_blocked, id=62968, stack(0x000000c6c4c00000,0x000000c6c4d00000)]
  0x000002037642e4b0 JavaThread "Cache worker for journal cache (C:\Users\jleto\.gradle\caches\journal-1)" [_thread_blocked, id=72236, stack(0x000000c6c4d00000,0x000000c6c4e00000)]
  0x000002037642da90 JavaThread "File lock request listener" [_thread_in_native, id=66736, stack(0x000000c6c4e00000,0x000000c6c4f00000)]
  0x000002037642fe00 JavaThread "Cache worker for file hash cache (C:\Users\jleto\.gradle\caches\8.4\fileHashes)" [_thread_blocked, id=62692, stack(0x000000c6c4f00000,0x000000c6c5000000)]

Other Threads:
  0x000002032f676670 VMThread "VM Thread" [stack: 0x000000c6c3100000,0x000000c6c3200000] [id=28624]
  0x000002032f9e0510 WatcherThread [stack: 0x000000c6c3e00000,0x000000c6c3f00000] [id=68136]
  0x000002030e187f20 GCTaskThread "GC Thread#0" [stack: 0x000000c6c2c00000,0x000000c6c2d00000] [id=56616]
  0x00000203758bfb10 GCTaskThread "GC Thread#1" [stack: 0x000000c6c3f00000,0x000000c6c4000000] [id=72164]
  0x0000020375a3d600 GCTaskThread "GC Thread#2" [stack: 0x000000c6c4000000,0x000000c6c4100000] [id=68024]
  0x0000020375a3d340 GCTaskThread "GC Thread#3" [stack: 0x000000c6c4100000,0x000000c6c4200000] [id=63248]
  0x0000020375a3e100 GCTaskThread "GC Thread#4" [stack: 0x000000c6c4200000,0x000000c6c4300000] [id=53588]
  0x000002030e194e70 ConcurrentGCThread "G1 Main Marker" [stack: 0x000000c6c2d00000,0x000000c6c2e00000] [id=56432]
  0x000002030e196030 ConcurrentGCThread "G1 Conc#0" [stack: 0x000000c6c2e00000,0x000000c6c2f00000] [id=62760]
  0x000002032f531560 ConcurrentGCThread "G1 Refine#0" [stack: 0x000000c6c2f00000,0x000000c6c3000000] [id=69408]
  0x000002032f531da0 ConcurrentGCThread "G1 Service" [stack: 0x000000c6c3000000,0x000000c6c3100000] [id=65852]

Threads with active compile tasks:
C2 CompilerThread0     1878 2535       4       java.net.URLClassLoader$1::run (5 bytes)

VM state: not at safepoint (normal execution)

VM Mutex/Monitor currently owned by a thread: None

Heap address: 0x0000000740000000, size: 3072 MB, Compressed Oops mode: Zero based, Oop shift amount: 3

CDS archive(s) mapped at: [0x0000020330000000-0x0000020330bb0000-0x0000020330bb0000), size 12255232, SharedBaseAddress: 0x0000020330000000, ArchiveRelocationMode: 1.
Compressed class space mapped at: 0x0000020331000000-0x0000020371000000, reserved size: 1073741824
Narrow klass base: 0x0000020330000000, Narrow klass shift: 0, Narrow klass range: 0x100000000

GC Precious Log:
 CPUs: 16 total, 16 available
 Memory: 14020M
 Large Page Support: Disabled
 NUMA Support: Disabled
 Compressed Oops: Enabled (Zero based)
 Heap Region Size: 2M
 Heap Min Capacity: 8M
 Heap Initial Capacity: 220M
 Heap Max Capacity: 3G
 Pre-touch: Disabled
 Parallel Workers: 13
 Concurrent Workers: 3
 Concurrent Refinement Workers: 13
 Periodic GC: Disabled

Heap:
 garbage-first heap   total 225280K, used 113642K [0x0000000740000000, 0x0000000800000000)
  region size 2048K, 52 young (106496K), 1 survivors (2048K)
 Metaspace       used 19043K, committed 19328K, reserved 1114112K
  class space    used 2777K, committed 2944K, reserved 1048576K

Heap Regions: E=young(eden), S=young(survivor), O=old, HS=humongous(starts), HC=humongous(continues), CS=collection set, F=free, OA=open archive, CA=closed archive, TAMS=top-at-mark-start (previous, next)
|   0|0x0000000740000000, 0x0000000740200000, 0x0000000740200000|100%|HS|  |TAMS 0x0000000740000000, 0x0000000740000000| Complete 
|   1|0x0000000740200000, 0x0000000740400000, 0x0000000740400000|100%|HC|  |TAMS 0x0000000740200000, 0x0000000740200000| Complete 
|   2|0x0000000740400000, 0x0000000740600000, 0x0000000740600000|100%| O|  |TAMS 0x0000000740400000, 0x0000000740400000| Untracked 
|   3|0x0000000740600000, 0x0000000740800000, 0x0000000740800000|100%| O|  |TAMS 0x0000000740600000, 0x0000000740600000| Untracked 
|   4|0x0000000740800000, 0x0000000740a00000, 0x0000000740a00000|100%| O|  |TAMS 0x0000000740800000, 0x0000000740800000| Untracked 
|   5|0x0000000740a00000, 0x0000000740a06200, 0x0000000740c00000|  1%| O|  |TAMS 0x0000000740a00000, 0x0000000740a00000| Untracked 
|   6|0x0000000740c00000, 0x0000000740c00000, 0x0000000740e00000|  0%| F|  |TAMS 0x0000000740c00000, 0x0000000740c00000| Untracked 
|   7|0x0000000740e00000, 0x0000000740e00000, 0x0000000741000000|  0%| F|  |TAMS 0x0000000740e00000, 0x0000000740e00000| Untracked 
|   8|0x0000000741000000, 0x0000000741000000, 0x0000000741200000|  0%| F|  |TAMS 0x0000000741000000, 0x0000000741000000| Untracked 
|   9|0x0000000741200000, 0x0000000741200000, 0x0000000741400000|  0%| F|  |TAMS 0x0000000741200000, 0x0000000741200000| Untracked 
|  10|0x0000000741400000, 0x0000000741400000, 0x0000000741600000|  0%| F|  |TAMS 0x0000000741400000, 0x0000000741400000| Untracked 
|  11|0x0000000741600000, 0x0000000741600000, 0x0000000741800000|  0%| F|  |TAMS 0x0000000741600000, 0x0000000741600000| Untracked 
|  12|0x0000000741800000, 0x0000000741800000, 0x0000000741a00000|  0%| F|  |TAMS 0x0000000741800000, 0x0000000741800000| Untracked 
|  13|0x0000000741a00000, 0x0000000741a00000, 0x0000000741c00000|  0%| F|  |TAMS 0x0000000741a00000, 0x0000000741a00000| Untracked 
|  14|0x0000000741c00000, 0x0000000741c00000, 0x0000000741e00000|  0%| F|  |TAMS 0x0000000741c00000, 0x0000000741c00000| Untracked 
|  15|0x0000000741e00000, 0x0000000741e00000, 0x0000000742000000|  0%| F|  |TAMS 0x0000000741e00000, 0x0000000741e00000| Untracked 
|  16|0x0000000742000000, 0x0000000742000000, 0x0000000742200000|  0%| F|  |TAMS 0x0000000742000000, 0x0000000742000000| Untracked 
|  17|0x0000000742200000, 0x0000000742200000, 0x0000000742400000|  0%| F|  |TAMS 0x0000000742200000, 0x0000000742200000| Untracked 
|  18|0x0000000742400000, 0x0000000742400000, 0x0000000742600000|  0%| F|  |TAMS 0x0000000742400000, 0x0000000742400000| Untracked 
|  19|0x0000000742600000, 0x0000000742600000, 0x0000000742800000|  0%| F|  |TAMS 0x0000000742600000, 0x0000000742600000| Untracked 
|  20|0x0000000742800000, 0x0000000742800000, 0x0000000742a00000|  0%| F|  |TAMS 0x0000000742800000, 0x0000000742800000| Untracked 
|  21|0x0000000742a00000, 0x0000000742a00000, 0x0000000742c00000|  0%| F|  |TAMS 0x0000000742a00000, 0x0000000742a00000| Untracked 
|  22|0x0000000742c00000, 0x0000000742c00000, 0x0000000742e00000|  0%| F|  |TAMS 0x0000000742c00000, 0x0000000742c00000| Untracked 
|  23|0x0000000742e00000, 0x0000000742e00000, 0x0000000743000000|  0%| F|  |TAMS 0x0000000742e00000, 0x0000000742e00000| Untracked 
|  24|0x0000000743000000, 0x0000000743000000, 0x0000000743200000|  0%| F|  |TAMS 0x0000000743000000, 0x0000000743000000| Untracked 
|  25|0x0000000743200000, 0x0000000743200000, 0x0000000743400000|  0%| F|  |TAMS 0x0000000743200000, 0x0000000743200000| Untracked 
|  26|0x0000000743400000, 0x0000000743400000, 0x0000000743600000|  0%| F|  |TAMS 0x0000000743400000, 0x0000000743400000| Untracked 
|  27|0x0000000743600000, 0x0000000743600000, 0x0000000743800000|  0%| F|  |TAMS 0x0000000743600000, 0x0000000743600000| Untracked 
|  28|0x0000000743800000, 0x0000000743800000, 0x0000000743a00000|  0%| F|  |TAMS 0x0000000743800000, 0x0000000743800000| Untracked 
|  29|0x0000000743a00000, 0x0000000743a00000, 0x0000000743c00000|  0%| F|  |TAMS 0x0000000743a00000, 0x0000000743a00000| Untracked 
|  30|0x0000000743c00000, 0x0000000743c00000, 0x0000000743e00000|  0%| F|  |TAMS 0x0000000743c00000, 0x0000000743c00000| Untracked 
|  31|0x0000000743e00000, 0x0000000743e00000, 0x0000000744000000|  0%| F|  |TAMS 0x0000000743e00000, 0x0000000743e00000| Untracked 
|  32|0x0000000744000000, 0x0000000744000000, 0x0000000744200000|  0%| F|  |TAMS 0x0000000744000000, 0x0000000744000000| Untracked 
|  33|0x0000000744200000, 0x0000000744200000, 0x0000000744400000|  0%| F|  |TAMS 0x0000000744200000, 0x0000000744200000| Untracked 
|  34|0x0000000744400000, 0x0000000744400000, 0x0000000744600000|  0%| F|  |TAMS 0x0000000744400000, 0x0000000744400000| Untracked 
|  35|0x0000000744600000, 0x0000000744600000, 0x0000000744800000|  0%| F|  |TAMS 0x0000000744600000, 0x0000000744600000| Untracked 
|  36|0x0000000744800000, 0x0000000744800000, 0x0000000744a00000|  0%| F|  |TAMS 0x0000000744800000, 0x0000000744800000| Untracked 
|  37|0x0000000744a00000, 0x0000000744a00000, 0x0000000744c00000|  0%| F|  |TAMS 0x0000000744a00000, 0x0000000744a00000| Untracked 
|  38|0x0000000744c00000, 0x0000000744c00000, 0x0000000744e00000|  0%| F|  |TAMS 0x0000000744c00000, 0x0000000744c00000| Untracked 
|  39|0x0000000744e00000, 0x0000000744e00000, 0x0000000745000000|  0%| F|  |TAMS 0x0000000744e00000, 0x0000000744e00000| Untracked 
|  40|0x0000000745000000, 0x0000000745000000, 0x0000000745200000|  0%| F|  |TAMS 0x0000000745000000, 0x0000000745000000| Untracked 
|  41|0x0000000745200000, 0x0000000745200000, 0x0000000745400000|  0%| F|  |TAMS 0x0000000745200000, 0x0000000745200000| Untracked 
|  42|0x0000000745400000, 0x0000000745400000, 0x0000000745600000|  0%| F|  |TAMS 0x0000000745400000, 0x0000000745400000| Untracked 
|  43|0x0000000745600000, 0x0000000745600000, 0x0000000745800000|  0%| F|  |TAMS 0x0000000745600000, 0x0000000745600000| Untracked 
|  44|0x0000000745800000, 0x0000000745800000, 0x0000000745a00000|  0%| F|  |TAMS 0x0000000745800000, 0x0000000745800000| Untracked 
|  45|0x0000000745a00000, 0x0000000745a00000, 0x0000000745c00000|  0%| F|  |TAMS 0x0000000745a00000, 0x0000000745a00000| Untracked 
|  46|0x0000000745c00000, 0x0000000745c00000, 0x0000000745e00000|  0%| F|  |TAMS 0x0000000745c00000, 0x0000000745c00000| Untracked 
|  47|0x0000000745e00000, 0x0000000745e00000, 0x0000000746000000|  0%| F|  |TAMS 0x0000000745e00000, 0x0000000745e00000| Untracked 
|  48|0x0000000746000000, 0x0000000746000000, 0x0000000746200000|  0%| F|  |TAMS 0x0000000746000000, 0x0000000746000000| Untracked 
|  49|0x0000000746200000, 0x0000000746200000, 0x0000000746400000|  0%| F|  |TAMS 0x0000000746200000, 0x0000000746200000| Untracked 
|  50|0x0000000746400000, 0x0000000746400000, 0x0000000746600000|  0%| F|  |TAMS 0x0000000746400000, 0x0000000746400000| Untracked 
|  51|0x0000000746600000, 0x0000000746600000, 0x0000000746800000|  0%| F|  |TAMS 0x0000000746600000, 0x0000000746600000| Untracked 
|  52|0x0000000746800000, 0x0000000746800000, 0x0000000746a00000|  0%| F|  |TAMS 0x0000000746800000, 0x0000000746800000| Untracked 
|  53|0x0000000746a00000, 0x0000000746a00000, 0x0000000746c00000|  0%| F|  |TAMS 0x0000000746a00000, 0x0000000746a00000| Untracked 
|  54|0x0000000746c00000, 0x0000000746c00000, 0x0000000746e00000|  0%| F|  |TAMS 0x0000000746c00000, 0x0000000746c00000| Untracked 
|  55|0x0000000746e00000, 0x0000000746e00000, 0x0000000747000000|  0%| F|  |TAMS 0x0000000746e00000, 0x0000000746e00000| Untracked 
|  56|0x0000000747000000, 0x0000000747000000, 0x0000000747200000|  0%| F|  |TAMS 0x0000000747000000, 0x0000000747000000| Untracked 
|  57|0x0000000747200000, 0x0000000747200000, 0x0000000747400000|  0%| F|  |TAMS 0x0000000747200000, 0x0000000747200000| Untracked 
|  58|0x0000000747400000, 0x00000007475be720, 0x0000000747600000| 87%| E|  |TAMS 0x0000000747400000, 0x0000000747400000| Complete 
|  59|0x0000000747600000, 0x0000000747800000, 0x0000000747800000|100%| E|CS|TAMS 0x0000000747600000, 0x0000000747600000| Complete 
|  60|0x0000000747800000, 0x0000000747a00000, 0x0000000747a00000|100%| E|CS|TAMS 0x0000000747800000, 0x0000000747800000| Complete 
|  61|0x0000000747a00000, 0x0000000747c00000, 0x0000000747c00000|100%| E|CS|TAMS 0x0000000747a00000, 0x0000000747a00000| Complete 
|  62|0x0000000747c00000, 0x0000000747e00000, 0x0000000747e00000|100%| E|CS|TAMS 0x0000000747c00000, 0x0000000747c00000| Complete 
|  63|0x0000000747e00000, 0x0000000748000000, 0x0000000748000000|100%| E|CS|TAMS 0x0000000747e00000, 0x0000000747e00000| Complete 
|  64|0x0000000748000000, 0x0000000748200000, 0x0000000748200000|100%| E|CS|TAMS 0x0000000748000000, 0x0000000748000000| Complete 
|  65|0x0000000748200000, 0x0000000748400000, 0x0000000748400000|100%| E|CS|TAMS 0x0000000748200000, 0x0000000748200000| Complete 
|  66|0x0000000748400000, 0x0000000748600000, 0x0000000748600000|100%| E|CS|TAMS 0x0000000748400000, 0x0000000748400000| Complete 
|  67|0x0000000748600000, 0x0000000748800000, 0x0000000748800000|100%| E|CS|TAMS 0x0000000748600000, 0x0000000748600000| Complete 
|  68|0x0000000748800000, 0x0000000748a00000, 0x0000000748a00000|100%| E|CS|TAMS 0x0000000748800000, 0x0000000748800000| Complete 
|  69|0x0000000748a00000, 0x0000000748c00000, 0x0000000748c00000|100%| E|CS|TAMS 0x0000000748a00000, 0x0000000748a00000| Complete 
|  70|0x0000000748c00000, 0x0000000748e00000, 0x0000000748e00000|100%| E|CS|TAMS 0x0000000748c00000, 0x0000000748c00000| Complete 
|  71|0x0000000748e00000, 0x0000000749000000, 0x0000000749000000|100%| E|CS|TAMS 0x0000000748e00000, 0x0000000748e00000| Complete 
|  72|0x0000000749000000, 0x0000000749200000, 0x0000000749200000|100%| E|CS|TAMS 0x0000000749000000, 0x0000000749000000| Complete 
|  73|0x0000000749200000, 0x0000000749400000, 0x0000000749400000|100%| E|CS|TAMS 0x0000000749200000, 0x0000000749200000| Complete 
|  74|0x0000000749400000, 0x0000000749600000, 0x0000000749600000|100%| E|CS|TAMS 0x0000000749400000, 0x0000000749400000| Complete 
|  75|0x0000000749600000, 0x0000000749800000, 0x0000000749800000|100%| E|CS|TAMS 0x0000000749600000, 0x0000000749600000| Complete 
|  76|0x0000000749800000, 0x0000000749a00000, 0x0000000749a00000|100%| E|CS|TAMS 0x0000000749800000, 0x0000000749800000| Complete 
|  77|0x0000000749a00000, 0x0000000749c00000, 0x0000000749c00000|100%| E|CS|TAMS 0x0000000749a00000, 0x0000000749a00000| Complete 
|  78|0x0000000749c00000, 0x0000000749e00000, 0x0000000749e00000|100%| E|CS|TAMS 0x0000000749c00000, 0x0000000749c00000| Complete 
|  79|0x0000000749e00000, 0x000000074a000000, 0x000000074a000000|100%| E|CS|TAMS 0x0000000749e00000, 0x0000000749e00000| Complete 
|  80|0x000000074a000000, 0x000000074a200000, 0x000000074a200000|100%| E|CS|TAMS 0x000000074a000000, 0x000000074a000000| Complete 
|  81|0x000000074a200000, 0x000000074a400000, 0x000000074a400000|100%| E|CS|TAMS 0x000000074a200000, 0x000000074a200000| Complete 
|  82|0x000000074a400000, 0x000000074a600000, 0x000000074a600000|100%| E|CS|TAMS 0x000000074a400000, 0x000000074a400000| Complete 
|  83|0x000000074a600000, 0x000000074a800000, 0x000000074a800000|100%| E|CS|TAMS 0x000000074a600000, 0x000000074a600000| Complete 
|  84|0x000000074a800000, 0x000000074aa00000, 0x000000074aa00000|100%| E|CS|TAMS 0x000000074a800000, 0x000000074a800000| Complete 
|  85|0x000000074aa00000, 0x000000074ac00000, 0x000000074ac00000|100%| E|CS|TAMS 0x000000074aa00000, 0x000000074aa00000| Complete 
|  86|0x000000074ac00000, 0x000000074ae00000, 0x000000074ae00000|100%| E|CS|TAMS 0x000000074ac00000, 0x000000074ac00000| Complete 
|  87|0x000000074ae00000, 0x000000074b000000, 0x000000074b000000|100%| E|CS|TAMS 0x000000074ae00000, 0x000000074ae00000| Complete 
|  88|0x000000074b000000, 0x000000074b200000, 0x000000074b200000|100%| E|CS|TAMS 0x000000074b000000, 0x000000074b000000| Complete 
|  89|0x000000074b200000, 0x000000074b400000, 0x000000074b400000|100%| E|CS|TAMS 0x000000074b200000, 0x000000074b200000| Complete 
|  90|0x000000074b400000, 0x000000074b600000, 0x000000074b600000|100%| E|CS|TAMS 0x000000074b400000, 0x000000074b400000| Complete 
|  91|0x000000074b600000, 0x000000074b800000, 0x000000074b800000|100%| E|CS|TAMS 0x000000074b600000, 0x000000074b600000| Complete 
|  92|0x000000074b800000, 0x000000074ba00000, 0x000000074ba00000|100%| E|CS|TAMS 0x000000074b800000, 0x000000074b800000| Complete 
|  93|0x000000074ba00000, 0x000000074bc00000, 0x000000074bc00000|100%| E|CS|TAMS 0x000000074ba00000, 0x000000074ba00000| Complete 
|  94|0x000000074bc00000, 0x000000074bcf4998, 0x000000074be00000| 47%| S|CS|TAMS 0x000000074bc00000, 0x000000074bc00000| Complete 
|  95|0x000000074be00000, 0x000000074c000000, 0x000000074c000000|100%| E|CS|TAMS 0x000000074be00000, 0x000000074be00000| Complete 
|  96|0x000000074c000000, 0x000000074c200000, 0x000000074c200000|100%| E|CS|TAMS 0x000000074c000000, 0x000000074c000000| Complete 
|  97|0x000000074c200000, 0x000000074c400000, 0x000000074c400000|100%| E|CS|TAMS 0x000000074c200000, 0x000000074c200000| Complete 
|  98|0x000000074c400000, 0x000000074c600000, 0x000000074c600000|100%| E|CS|TAMS 0x000000074c400000, 0x000000074c400000| Complete 
|  99|0x000000074c600000, 0x000000074c800000, 0x000000074c800000|100%| E|CS|TAMS 0x000000074c600000, 0x000000074c600000| Complete 
| 100|0x000000074c800000, 0x000000074ca00000, 0x000000074ca00000|100%| E|CS|TAMS 0x000000074c800000, 0x000000074c800000| Complete 
| 101|0x000000074ca00000, 0x000000074cc00000, 0x000000074cc00000|100%| E|CS|TAMS 0x000000074ca00000, 0x000000074ca00000| Complete 
| 102|0x000000074cc00000, 0x000000074ce00000, 0x000000074ce00000|100%| E|CS|TAMS 0x000000074cc00000, 0x000000074cc00000| Complete 
| 103|0x000000074ce00000, 0x000000074d000000, 0x000000074d000000|100%| E|CS|TAMS 0x000000074ce00000, 0x000000074ce00000| Complete 
| 104|0x000000074d000000, 0x000000074d200000, 0x000000074d200000|100%| E|CS|TAMS 0x000000074d000000, 0x000000074d000000| Complete 
| 105|0x000000074d200000, 0x000000074d400000, 0x000000074d400000|100%| E|CS|TAMS 0x000000074d200000, 0x000000074d200000| Complete 
| 106|0x000000074d400000, 0x000000074d600000, 0x000000074d600000|100%| E|CS|TAMS 0x000000074d400000, 0x000000074d400000| Complete 
| 107|0x000000074d600000, 0x000000074d800000, 0x000000074d800000|100%| E|CS|TAMS 0x000000074d600000, 0x000000074d600000| Complete 
| 108|0x000000074d800000, 0x000000074da00000, 0x000000074da00000|100%| E|CS|TAMS 0x000000074d800000, 0x000000074d800000| Complete 
| 109|0x000000074da00000, 0x000000074dc00000, 0x000000074dc00000|100%| E|CS|TAMS 0x000000074da00000, 0x000000074da00000| Complete 

Card table byte_map: [0x0000020325ad0000,0x00000203260d0000] _byte_map_base: 0x00000203220d0000

Marking Bits (Prev, Next): (CMBitMap*) 0x000002030e188540, (CMBitMap*) 0x000002030e188580
 Prev Bits: [0x00000203266d0000, 0x00000203296d0000)
 Next Bits: [0x00000203296d0000, 0x000002032c6d0000)

Polling page: 0x000002030d8e0000

Metaspace:

Usage:
  Non-class:     15.91 MB used.
      Class:      2.72 MB used.
       Both:     18.62 MB used.

Virtual space:
  Non-class space:       64.00 MB reserved,      16.00 MB ( 25%) committed,  1 nodes.
      Class space:        1.00 GB reserved,       2.88 MB ( <1%) committed,  1 nodes.
             Both:        1.06 GB reserved,      18.88 MB (  2%) committed. 

Chunk freelists:
   Non-Class:  15.75 MB
       Class:  13.17 MB
        Both:  28.92 MB

MaxMetaspaceSize: unlimited
CompressedClassSpaceSize: 1.00 GB
Initial GC threshold: 21.00 MB
Current GC threshold: 21.00 MB
CDS: on
MetaspaceReclaimPolicy: balanced
 - commit_granule_bytes: 65536.
 - commit_granule_words: 8192.
 - virtual_space_node_default_size: 8388608.
 - enlarge_chunks_in_place: 1.
 - new_chunks_are_fully_committed: 0.
 - uncommit_free_chunks: 1.
 - use_allocation_guard: 0.
 - handle_deallocations: 1.


Internal statistics:

num_allocs_failed_limit: 0.
num_arena_births: 220.
num_arena_deaths: 0.
num_vsnodes_births: 2.
num_vsnodes_deaths: 0.
num_space_committed: 303.
num_space_uncommitted: 0.
num_chunks_returned_to_freelist: 0.
num_chunks_taken_from_freelist: 855.
num_chunk_merges: 0.
num_chunk_splits: 584.
num_chunks_enlarged: 437.
num_inconsistent_stats: 0.

CodeHeap 'non-profiled nmethods': size=119168Kb used=1187Kb max_used=1187Kb free=117980Kb
 bounds [0x000002031d7f0000, 0x000002031da60000, 0x0000020324c50000]
CodeHeap 'profiled nmethods': size=119104Kb used=5841Kb max_used=5841Kb free=113262Kb
 bounds [0x0000020315c50000, 0x0000020316210000, 0x000002031d0a0000]
CodeHeap 'non-nmethods': size=7488Kb used=1793Kb max_used=1832Kb free=5694Kb
 bounds [0x000002031d0a0000, 0x000002031d310000, 0x000002031d7f0000]
 total_blobs=3285 nmethods=2748 adapters=448
 compilation: enabled
              stopped_count=0, restarted_count=0
 full_count=0

Compilation events (20 events):
Event: 1.858 Thread 0x000002032f8e99e0 nmethod 2730 0x000002031d917a10 code [0x000002031d917ba0, 0x000002031d917c78]
Event: 1.858 Thread 0x000002032f8e99e0 2732       3       com.google.common.collect.ImmutableMapEntry::<init> (12 bytes)
Event: 1.858 Thread 0x000002032f8e99e0 nmethod 2732 0x00000203161f2a90 code [0x00000203161f2c40, 0x00000203161f2f68]
Event: 1.858 Thread 0x000002032f8e99e0 2734       3       com.google.common.collect.RegularImmutableMap::checkNoConflictInKeyBucket (85 bytes)
Event: 1.858 Thread 0x000002032f6a1b40 nmethod 2728 0x00000203161f3090 code [0x00000203161f33c0, 0x00000203161f4868]
Event: 1.858 Thread 0x000002032f6a1b40 2731       1       com.google.common.collect.ImmutableEntry::getValue (5 bytes)
Event: 1.858 Thread 0x000002032f6a1b40 nmethod 2731 0x000002031d917d10 code [0x000002031d917ea0, 0x000002031d917f78]
Event: 1.858 Thread 0x000002032f6a1b40 2733       1       com.google.common.collect.ImmutableMapEntry::isReusable (2 bytes)
Event: 1.858 Thread 0x000002032f6a1b40 nmethod 2733 0x000002031d918010 code [0x000002031d9181a0, 0x000002031d918278]
Event: 1.858 Thread 0x000002032f8e99e0 nmethod 2734 0x00000203161f4f10 code [0x00000203161f5200, 0x00000203161f6118]
Event: 1.858 Thread 0x000002032f6a1b40 2735       3       com.google.common.collect.RegularImmutableMap::makeImmutable (44 bytes)
Event: 1.859 Thread 0x000002032f8e99e0 2736       1       com.google.common.collect.ImmutableMapEntry::getNextInKeyBucket (2 bytes)
Event: 1.859 Thread 0x000002032f8e99e0 nmethod 2736 0x000002031d918310 code [0x000002031d9184a0, 0x000002031d918578]
Event: 1.859 Thread 0x000002032f8e99e0 2737       3       com.google.common.collect.ImmutableMapEntry$NonTerminalImmutableMapEntry::<init> (12 bytes)
Event: 1.859 Thread 0x000002032f8e99e0 nmethod 2737 0x00000203161f6690 code [0x00000203161f6860, 0x00000203161f6c68]
Event: 1.859 Thread 0x000002032f6a1b40 nmethod 2735 0x00000203161f6e10 code [0x00000203161f7020, 0x00000203161f78b8]
Event: 1.859 Thread 0x000002032f8e99e0 2738       1       com.google.common.collect.ImmutableMapEntry$NonTerminalImmutableMapEntry::getNextInKeyBucket (5 bytes)
Event: 1.859 Thread 0x000002032f8e99e0 nmethod 2738 0x000002031d918610 code [0x000002031d9187a0, 0x000002031d918878]
Event: 1.863 Thread 0x000002032f8e99e0 2739       3       java.util.TreeMap$Entry::<init> (25 bytes)
Event: 1.863 Thread 0x000002032f8e99e0 nmethod 2739 0x00000203161f7a90 code [0x00000203161f7c40, 0x00000203161f7ed8]

GC Heap History (4 events):
Event: 0.394 GC heap before
{Heap before GC invocations=0 (full 0):
 garbage-first heap   total 225280K, used 24576K [0x0000000740000000, 0x0000000800000000)
  region size 2048K, 11 young (22528K), 0 survivors (0K)
 Metaspace       used 2856K, committed 3072K, reserved 1114112K
  class space    used 355K, committed 448K, reserved 1048576K
}
Event: 0.397 GC heap after
{Heap after GC invocations=1 (full 0):
 garbage-first heap   total 225280K, used 10473K [0x0000000740000000, 0x0000000800000000)
  region size 2048K, 2 young (4096K), 2 survivors (4096K)
 Metaspace       used 2856K, committed 3072K, reserved 1114112K
  class space    used 355K, committed 448K, reserved 1048576K
}
Event: 0.594 GC heap before
{Heap before GC invocations=1 (full 0):
 garbage-first heap   total 225280K, used 37097K [0x0000000740000000, 0x0000000800000000)
  region size 2048K, 15 young (30720K), 2 survivors (4096K)
 Metaspace       used 4054K, committed 4224K, reserved 1114112K
  class space    used 492K, committed 576K, reserved 1048576K
}
Event: 0.596 GC heap after
{Heap after GC invocations=2 (full 0):
 garbage-first heap   total 225280K, used 11242K [0x0000000740000000, 0x0000000800000000)
  region size 2048K, 1 young (2048K), 1 survivors (2048K)
 Metaspace       used 4054K, committed 4224K, reserved 1114112K
  class space    used 492K, committed 576K, reserved 1048576K
}

Dll operation events (15 events):
Event: 0.006 Loaded shared library C:\Users\jleto\.gradle\jdks\eclipse_adoptium-17-amd64-windows\jdk-17.0.10+7\bin\java.dll
Event: 0.023 Loaded shared library C:\Users\jleto\.gradle\jdks\eclipse_adoptium-17-amd64-windows\jdk-17.0.10+7\bin\jsvml.dll
Event: 0.064 Loaded shared library C:\Users\jleto\.gradle\jdks\eclipse_adoptium-17-amd64-windows\jdk-17.0.10+7\bin\zip.dll
Event: 0.066 Loaded shared library C:\Users\jleto\.gradle\jdks\eclipse_adoptium-17-amd64-windows\jdk-17.0.10+7\bin\instrument.dll
Event: 0.070 Loaded shared library C:\Users\jleto\.gradle\jdks\eclipse_adoptium-17-amd64-windows\jdk-17.0.10+7\bin\net.dll
Event: 0.072 Loaded shared library C:\Users\jleto\.gradle\jdks\eclipse_adoptium-17-amd64-windows\jdk-17.0.10+7\bin\nio.dll
Event: 0.075 Loaded shared library C:\Users\jleto\.gradle\jdks\eclipse_adoptium-17-amd64-windows\jdk-17.0.10+7\bin\zip.dll
Event: 0.178 Loaded shared library C:\Users\jleto\.gradle\jdks\eclipse_adoptium-17-amd64-windows\jdk-17.0.10+7\bin\jimage.dll
Event: 0.225 Loaded shared library C:\Users\jleto\.gradle\jdks\eclipse_adoptium-17-amd64-windows\jdk-17.0.10+7\bin\verify.dll
Event: 0.351 Loaded shared library C:\Users\jleto\.gradle\native\c067742578af261105cb4f569cf0c3c89f3d7b1fecec35dd04571415982c5e48\windows-amd64\native-platform.dll
Event: 0.355 Loaded shared library C:\Users\jleto\.gradle\native\38dada09dfb8b06ba9b0570ebf7e218e3eb74d4ef43ca46872605cf95ebc2f47\windows-amd64\native-platform-file-events.dll
Event: 0.822 Loaded shared library C:\Users\jleto\.gradle\jdks\eclipse_adoptium-17-amd64-windows\jdk-17.0.10+7\bin\management.dll
Event: 0.826 Loaded shared library C:\Users\jleto\.gradle\jdks\eclipse_adoptium-17-amd64-windows\jdk-17.0.10+7\bin\management_ext.dll
Event: 0.994 Loaded shared library C:\Users\jleto\.gradle\jdks\eclipse_adoptium-17-amd64-windows\jdk-17.0.10+7\bin\extnet.dll
Event: 1.141 Loaded shared library C:\Users\jleto\.gradle\jdks\eclipse_adoptium-17-amd64-windows\jdk-17.0.10+7\bin\sunmscapi.dll

Deoptimization events (20 events):
Event: 1.476 Thread 0x0000020376537480 Uncommon trap: trap_request=0xffffff45 fr.pc=0x000002031d8215bc relative=0x0000000000000abc
Event: 1.476 Thread 0x0000020376537480 Uncommon trap: reason=unstable_if action=reinterpret pc=0x000002031d8215bc method=java.io.WinNTFileSystem.resolve(Ljava/lang/String;Ljava/lang/String;)Ljava/lang/String; @ 19 c2
Event: 1.476 Thread 0x0000020376537480 DEOPT PACKING pc=0x000002031d8215bc sp=0x000000c6c49fcee0
Event: 1.476 Thread 0x0000020376537480 DEOPT UNPACKING pc=0x000002031d0f69a3 sp=0x000000c6c49fce88 mode 2
Event: 1.477 Thread 0x0000020376537480 Uncommon trap: trap_request=0xffffff45 fr.pc=0x000002031d85fff4 relative=0x00000000000005b4
Event: 1.477 Thread 0x0000020376537480 Uncommon trap: reason=unstable_if action=reinterpret pc=0x000002031d85fff4 method=java.io.File.getName()Ljava/lang/String; @ 16 c2
Event: 1.477 Thread 0x0000020376537480 DEOPT PACKING pc=0x000002031d85fff4 sp=0x000000c6c49fce80
Event: 1.477 Thread 0x0000020376537480 DEOPT UNPACKING pc=0x000002031d0f69a3 sp=0x000000c6c49fce50 mode 2
Event: 1.751 Thread 0x0000020376537480 Uncommon trap: trap_request=0xffffff45 fr.pc=0x000002031d8d8db4 relative=0x00000000000003f4
Event: 1.751 Thread 0x0000020376537480 Uncommon trap: reason=unstable_if action=reinterpret pc=0x000002031d8d8db4 method=java.util.HashMap.getNode(Ljava/lang/Object;)Ljava/util/HashMap$Node; @ 131 c2
Event: 1.751 Thread 0x0000020376537480 DEOPT PACKING pc=0x000002031d8d8db4 sp=0x000000c6c49fae10
Event: 1.751 Thread 0x0000020376537480 DEOPT UNPACKING pc=0x000002031d0f69a3 sp=0x000000c6c49fad30 mode 2
Event: 1.813 Thread 0x0000020376537480 Uncommon trap: trap_request=0xffffff45 fr.pc=0x000002031d8194f8 relative=0x00000000000000d8
Event: 1.813 Thread 0x0000020376537480 Uncommon trap: reason=unstable_if action=reinterpret pc=0x000002031d8194f8 method=java.util.HashMap.hash(Ljava/lang/Object;)I @ 1 c2
Event: 1.813 Thread 0x0000020376537480 DEOPT PACKING pc=0x000002031d8194f8 sp=0x000000c6c49f9d40
Event: 1.813 Thread 0x0000020376537480 DEOPT UNPACKING pc=0x000002031d0f69a3 sp=0x000000c6c49f9c80 mode 2
Event: 1.841 Thread 0x0000020376537480 Uncommon trap: trap_request=0xffffff6e fr.pc=0x000002031d8b1b50 relative=0x00000000000003b0
Event: 1.841 Thread 0x0000020376537480 Uncommon trap: reason=loop_limit_check action=maybe_recompile pc=0x000002031d8b1b50 method=java.lang.StringLatin1.indexOf([BI[BII)I @ 37 c2
Event: 1.841 Thread 0x0000020376537480 DEOPT PACKING pc=0x000002031d8b1b50 sp=0x000000c6c49f8530
Event: 1.841 Thread 0x0000020376537480 DEOPT UNPACKING pc=0x000002031d0f69a3 sp=0x000000c6c49f8490 mode 2

Classes unloaded (0 events):
No events

Classes redefined (0 events):
No events

Internal exceptions (20 events):
Event: 1.328 Thread 0x0000020376537480 Exception <a 'java/lang/NoSuchMethodError'{0x000000074a4b8428}: 'java.lang.Object java.lang.invoke.DirectMethodHandle$Holder.newInvokeSpecial(java.lang.Object, java.lang.Object, java.lang.Object, int, java.lang.Object, java.lang.Object)'> (0x000000074a4b8428) 
thrown [s\src\hotspot\share\interpreter\linkResolver.cpp, line 759]
Event: 1.352 Thread 0x0000020376537480 Exception <a 'java/lang/NoSuchMethodError'{0x000000074a2786c8}: 'void java.lang.invoke.DelegatingMethodHandle$Holder.reinvoke_L(java.lang.Object, java.lang.Object, java.lang.Object, java.lang.Object, java.lang.Object, java.lang.Object, java.lang.Object, java.lang.Object, java.lang.Object, java.lang.Object)'> (0x000000074a2786c8) 
thrown [s\src\hotspot\share\interpreter\linkResolver.cpp, line 759]
Event: 1.353 Thread 0x0000020376537480 Exception <a 'java/lang/NoSuchMethodError'{0x000000074a280b38}: 'java.lang.Object java.lang.invoke.DirectMethodHandle$Holder.invokeSpecial(java.lang.Object, java.lang.Object, java.lang.Object, java.lang.Object, java.lang.Object, java.lang.Object, java.lang.Object, java.lang.Object, java.lang.Object, java.lang.Object)'> (0x000000074a280b38) 
thrown [s\src\hotspot\share\interpreter\linkResolver.cpp, line 759]
Event: 1.353 Thread 0x0000020376537480 Exception <a 'java/lang/NoSuchMethodError'{0x000000074a285408}: 'java.lang.Object java.lang.invoke.Invokers$Holder.invoker(java.lang.Object, java.lang.Object, java.lang.Object, java.lang.Object, java.lang.Object, java.lang.Object, java.lang.Object, java.lang.Object, java.lang.Object, java.lang.Object)'> (0x000000074a285408) 
thrown [s\src\hotspot\share\interpreter\linkResolver.cpp, line 759]
Event: 1.353 Thread 0x0000020376537480 Exception <a 'java/lang/NoSuchMethodError'{0x000000074a28af90}: 'java.lang.Object java.lang.invoke.DirectMethodHandle$Holder.invokeSpecial(java.lang.Object, java.lang.Object, java.lang.Object, java.lang.Object, java.lang.Object, java.lang.Object, java.lang.Object, java.lang.Object, java.lang.Object, java.lang.Object, java.lang.Object)'> (0x000000074a28af90) 
thrown [s\src\hotspot\share\interpreter\linkResolver.cpp, line 759]
Event: 1.424 Thread 0x0000020376537480 Exception <a 'java/lang/NoSuchMethodError'{0x0000000749c66348}: 'void java.lang.invoke.DirectMethodHandle$Holder.invokeStaticInit(java.lang.Object)'> (0x0000000749c66348) 
thrown [s\src\hotspot\share\interpreter\linkResolver.cpp, line 759]
Event: 1.433 Thread 0x0000020376537480 Exception <a 'java/lang/NoSuchMethodError'{0x0000000749d186d0}: 'java.lang.Object java.lang.invoke.DirectMethodHandle$Holder.newInvokeSpecial(java.lang.Object, java.lang.Object, java.lang.Object, int)'> (0x0000000749d186d0) 
thrown [s\src\hotspot\share\interpreter\linkResolver.cpp, line 759]
Event: 1.434 Thread 0x0000020376537480 Exception <a 'java/lang/NoSuchMethodError'{0x0000000749d1d000}: 'java.lang.Object java.lang.invoke.DirectMethodHandle$Holder.invokeSpecial(java.lang.Object, java.lang.Object, java.lang.Object, java.lang.Object, int)'> (0x0000000749d1d000) 
thrown [s\src\hotspot\share\interpreter\linkResolver.cpp, line 759]
Event: 1.434 Thread 0x0000020376537480 Exception <a 'java/lang/NoSuchMethodError'{0x0000000749d21118}: 'java.lang.Object java.lang.invoke.Invokers$Holder.linkToTargetMethod(java.lang.Object, java.lang.Object, int, java.lang.Object)'> (0x0000000749d21118) 
thrown [s\src\hotspot\share\interpreter\linkResolver.cpp, line 759]
Event: 1.618 Thread 0x0000020376537480 Exception <a 'java/lang/NoSuchMethodError'{0x0000000748d39ef8}: 'int java.lang.invoke.DirectMethodHandle$Holder.invokeSpecialIFC(java.lang.Object, java.lang.Object, java.lang.Object, java.lang.Object)'> (0x0000000748d39ef8) 
thrown [s\src\hotspot\share\interpreter\linkResolver.cpp, line 759]
Event: 1.619 Thread 0x0000020376537480 Exception <a 'java/lang/NoSuchMethodError'{0x0000000748d49178}: 'java.lang.Object java.lang.invoke.DirectMethodHandle$Holder.invokeInterface(java.lang.Object, java.lang.Object, java.lang.Object)'> (0x0000000748d49178) 
thrown [s\src\hotspot\share\interpreter\linkResolver.cpp, line 759]
Event: 1.619 Thread 0x0000020376537480 Exception <a 'java/lang/IncompatibleClassChangeError'{0x0000000748d4d038}: Found class java.lang.Object, but interface was expected> (0x0000000748d4d038) 
thrown [s\src\hotspot\share\interpreter\linkResolver.cpp, line 826]
Event: 1.648 Thread 0x0000020376537480 Exception <a 'java/lang/NoSuchMethodError'{0x0000000748b65538}: 'int java.lang.invoke.DirectMethodHandle$Holder.invokeStatic(java.lang.Object, java.lang.Object, java.lang.Object, java.lang.Object)'> (0x0000000748b65538) 
thrown [s\src\hotspot\share\interpreter\linkResolver.cpp, line 759]
Event: 1.648 Thread 0x0000020376537480 Exception <a 'java/lang/NoSuchMethodError'{0x0000000748b69160}: 'java.lang.Object java.lang.invoke.Invokers$Holder.invokeExact_MT(java.lang.Object, java.lang.Object, java.lang.Object, java.lang.Object, java.lang.Object, java.lang.Object)'> (0x0000000748b69160) 
thrown [s\src\hotspot\share\interpreter\linkResolver.cpp, line 759]
Event: 1.687 Thread 0x0000020376537480 Exception <a 'java/lang/NoSuchMethodError'{0x000000074841eda8}: 'java.lang.Object java.lang.invoke.DirectMethodHandle$Holder.invokeSpecial(java.lang.Object, java.lang.Object, java.lang.Object, java.lang.Object, java.lang.Object, java.lang.Object, java.lang.Object, java.lang.Object, java.lang.Object)'> (0x000000074841eda8) 
thrown [s\src\hotspot\share\interpreter\linkResolver.cpp, line 759]
Event: 1.740 Thread 0x0000020376537480 Exception <a 'java/lang/NoSuchMethodError'{0x000000074817e3d0}: 'java.lang.Object java.lang.invoke.DirectMethodHandle$Holder.invokeVirtual(java.lang.Object, java.lang.Object, java.lang.Object, java.lang.Object)'> (0x000000074817e3d0) 
thrown [s\src\hotspot\share\interpreter\linkResolver.cpp, line 759]
Event: 1.758 Thread 0x0000020376537480 Exception <a 'java/lang/NoSuchMethodError'{0x0000000747ec74b0}: 'java.lang.Object java.lang.invoke.DirectMethodHandle$Holder.newInvokeSpecial(java.lang.Object, java.lang.Object, java.lang.Object, java.lang.Object, java.lang.Object, java.lang.Object, java.lang.Object)'> (0x0000000747ec74b0) 
thrown [s\src\hotspot\share\interpreter\linkResolver.cpp, line 759]
Event: 1.759 Thread 0x0000020376537480 Exception <a 'java/lang/NoSuchMethodError'{0x0000000747ecc180}: 'java.lang.Object java.lang.invoke.Invokers$Holder.linkToTargetMethod(java.lang.Object, java.lang.Object, java.lang.Object, java.lang.Object, java.lang.Object, java.lang.Object, java.lang.Object)'> (0x0000000747ecc180) 
thrown [s\src\hotspot\share\interpreter\linkResolver.cpp, line 759]
Event: 1.777 Thread 0x0000020376537480 Exception <a 'java/lang/NoSuchMethodError'{0x0000000747c21170}: 'java.lang.Object java.lang.invoke.DirectMethodHandle$Holder.invokeVirtual(java.lang.Object, java.lang.Object, java.lang.Object, java.lang.Object, java.lang.Object, java.lang.Object, java.lang.Object, java.lang.Object, java.lang.Object, java.lang.Object, java.lang.Object, java.lang.Object, java.lang.Object, java.lang.Object, java.lang.Object, java.lang.Object, java.lang.Object, java.lang.Object, java.lang.Object, java.lang.Object, java.lang.Ob
Event: 1.813 Thread 0x0000020376537480 Implicit null exception at 0x000002031d819458 to 0x000002031d8194ee

VM Operations (20 events):
Event: 0.840 Executing VM operation: HandshakeAllThreads
Event: 0.840 Executing VM operation: HandshakeAllThreads done
Event: 0.886 Executing VM operation: HandshakeAllThreads
Event: 0.886 Executing VM operation: HandshakeAllThreads done
Event: 0.974 Executing VM operation: HandshakeAllThreads
Event: 0.974 Executing VM operation: HandshakeAllThreads done
Event: 1.081 Executing VM operation: HandshakeAllThreads
Event: 1.081 Executing VM operation: HandshakeAllThreads done
Event: 1.130 Executing VM operation: HandshakeAllThreads
Event: 1.130 Executing VM operation: HandshakeAllThreads done
Event: 1.257 Executing VM operation: ICBufferFull
Event: 1.257 Executing VM operation: ICBufferFull done
Event: 1.481 Executing VM operation: HandshakeAllThreads
Event: 1.482 Executing VM operation: HandshakeAllThreads done
Event: 1.499 Executing VM operation: HandshakeAllThreads
Event: 1.499 Executing VM operation: HandshakeAllThreads done
Event: 1.499 Executing VM operation: HandshakeAllThreads
Event: 1.499 Executing VM operation: HandshakeAllThreads done
Event: 1.764 Executing VM operation: ICBufferFull
Event: 1.764 Executing VM operation: ICBufferFull done

Events (20 events):
Event: 1.719 loading class javax/xml/xpath/XPathExpressionException
Event: 1.719 loading class javax/xml/xpath/XPathException
Event: 1.719 loading class javax/xml/xpath/XPathException done
Event: 1.719 loading class javax/xml/xpath/XPathExpressionException done
Event: 1.719 loading class org/xml/sax/ErrorHandler
Event: 1.719 loading class org/xml/sax/ErrorHandler done
Event: 1.726 loading class java/util/EnumMap$EntrySet
Event: 1.726 loading class java/util/EnumMap$EntrySet done
Event: 1.726 loading class java/util/EnumMap$EntryIterator
Event: 1.726 loading class java/util/EnumMap$EnumMapIterator
Event: 1.726 loading class java/util/EnumMap$EnumMapIterator done
Event: 1.726 loading class java/util/EnumMap$EntryIterator done
Event: 1.726 loading class java/util/EnumMap$EntryIterator$Entry
Event: 1.726 loading class java/util/EnumMap$EntryIterator$Entry done
Event: 1.856 loading class java/lang/management/MemoryType
Event: 1.856 loading class java/lang/management/MemoryType done
Event: 1.857 loading class java/lang/management/MemoryUsage
Event: 1.857 loading class java/lang/management/MemoryUsage done
Event: 1.857 loading class java/util/concurrent/LinkedBlockingDeque$Node
Event: 1.857 loading class java/util/concurrent/LinkedBlockingDeque$Node done


Dynamic libraries:
0x00007ff7486a0000 - 0x00007ff7486ae000 	C:\Users\jleto\.gradle\jdks\eclipse_adoptium-17-amd64-windows\jdk-17.0.10+7\bin\java.exe
0x00007ffa96730000 - 0x00007ffa96947000 	C:\Windows\SYSTEM32\ntdll.dll
0x00007ffa944b0000 - 0x00007ffa94574000 	C:\Windows\System32\KERNEL32.DLL
0x00007ffa93fb0000 - 0x00007ffa94356000 	C:\Windows\System32\KERNELBASE.dll
0x00007ffa93cf0000 - 0x00007ffa93e01000 	C:\Windows\System32\ucrtbase.dll
0x00007ffa7e390000 - 0x00007ffa7e3a7000 	C:\Users\jleto\.gradle\jdks\eclipse_adoptium-17-amd64-windows\jdk-17.0.10+7\bin\jli.dll
0x00007ffa7d4a0000 - 0x00007ffa7d4bb000 	C:\Users\jleto\.gradle\jdks\eclipse_adoptium-17-amd64-windows\jdk-17.0.10+7\bin\VCRUNTIME140.dll
0x00007ffa95370000 - 0x00007ffa9551e000 	C:\Windows\System32\USER32.dll
0x00007ffa714a0000 - 0x00007ffa71733000 	C:\Windows\WinSxS\amd64_microsoft.windows.common-controls_6595b64144ccf1df_6.0.22621.2506_none_270c5ae97388e100\COMCTL32.dll
0x00007ffa93a70000 - 0x00007ffa93a96000 	C:\Windows\System32\win32u.dll
0x00007ffa94950000 - 0x00007ffa949f7000 	C:\Windows\System32\msvcrt.dll
0x00007ffa94480000 - 0x00007ffa944a9000 	C:\Windows\System32\GDI32.dll
0x00007ffa94360000 - 0x00007ffa94478000 	C:\Windows\System32\gdi32full.dll
0x00007ffa93aa0000 - 0x00007ffa93b3a000 	C:\Windows\System32\msvcp_win.dll
0x00007ffa95130000 - 0x00007ffa95161000 	C:\Windows\System32\IMM32.DLL
0x00007ffa7f5f0000 - 0x00007ffa7f5fc000 	C:\Users\jleto\.gradle\jdks\eclipse_adoptium-17-amd64-windows\jdk-17.0.10+7\bin\vcruntime140_1.dll
0x00007ffa54840000 - 0x00007ffa548cd000 	C:\Users\jleto\.gradle\jdks\eclipse_adoptium-17-amd64-windows\jdk-17.0.10+7\bin\msvcp140.dll
0x00007ffa16e10000 - 0x00007ffa17a72000 	C:\Users\jleto\.gradle\jdks\eclipse_adoptium-17-amd64-windows\jdk-17.0.10+7\bin\server\jvm.dll
0x00007ffa94800000 - 0x00007ffa948b3000 	C:\Windows\System32\ADVAPI32.dll
0x00007ffa94e80000 - 0x00007ffa94f28000 	C:\Windows\System32\sechost.dll
0x00007ffa93e10000 - 0x00007ffa93e38000 	C:\Windows\System32\bcrypt.dll
0x00007ffa946e0000 - 0x00007ffa947f7000 	C:\Windows\System32\RPCRT4.dll
0x00007ffa78830000 - 0x00007ffa78839000 	C:\Windows\SYSTEM32\WSOCK32.dll
0x00007ffa928c0000 - 0x00007ffa9290d000 	C:\Windows\SYSTEM32\POWRPROF.dll
0x00007ffa8bfc0000 - 0x00007ffa8bff4000 	C:\Windows\SYSTEM32\WINMM.dll
0x00007ffa95a80000 - 0x00007ffa95af1000 	C:\Windows\System32\WS2_32.dll
0x00007ffa8ae40000 - 0x00007ffa8ae4a000 	C:\Windows\SYSTEM32\VERSION.dll
0x00007ffa928a0000 - 0x00007ffa928b3000 	C:\Windows\SYSTEM32\UMPDC.dll
0x00007ffa92b60000 - 0x00007ffa92b78000 	C:\Windows\SYSTEM32\kernel.appcore.dll
0x00007ffa7e3d0000 - 0x00007ffa7e3da000 	C:\Users\jleto\.gradle\jdks\eclipse_adoptium-17-amd64-windows\jdk-17.0.10+7\bin\jimage.dll
0x00007ffa91440000 - 0x00007ffa91673000 	C:\Windows\SYSTEM32\DBGHELP.DLL
0x00007ffa95b00000 - 0x00007ffa95e89000 	C:\Windows\System32\combase.dll
0x00007ffa959a0000 - 0x00007ffa95a77000 	C:\Windows\System32\OLEAUT32.dll
0x00007ffa89900000 - 0x00007ffa89932000 	C:\Windows\SYSTEM32\dbgcore.DLL
0x00007ffa93b40000 - 0x00007ffa93bba000 	C:\Windows\System32\bcryptPrimitives.dll
0x00007ffa7e2f0000 - 0x00007ffa7e2fe000 	C:\Users\jleto\.gradle\jdks\eclipse_adoptium-17-amd64-windows\jdk-17.0.10+7\bin\instrument.dll
0x00007ffa7a9b0000 - 0x00007ffa7a9d5000 	C:\Users\jleto\.gradle\jdks\eclipse_adoptium-17-amd64-windows\jdk-17.0.10+7\bin\java.dll
0x00007ffa37310000 - 0x00007ffa373e7000 	C:\Users\jleto\.gradle\jdks\eclipse_adoptium-17-amd64-windows\jdk-17.0.10+7\bin\jsvml.dll
0x00007ffa95e90000 - 0x00007ffa966eb000 	C:\Windows\System32\SHELL32.dll
0x00007ffa91990000 - 0x00007ffa92286000 	C:\Windows\SYSTEM32\windows.storage.dll
0x00007ffa91850000 - 0x00007ffa9198e000 	C:\Windows\SYSTEM32\wintypes.dll
0x00007ffa956a0000 - 0x00007ffa95793000 	C:\Windows\System32\SHCORE.dll
0x00007ffa95520000 - 0x00007ffa9557e000 	C:\Windows\System32\shlwapi.dll
0x00007ffa939a0000 - 0x00007ffa939c6000 	C:\Windows\SYSTEM32\profapi.dll
0x00007ffa7a270000 - 0x00007ffa7a288000 	C:\Users\jleto\.gradle\jdks\eclipse_adoptium-17-amd64-windows\jdk-17.0.10+7\bin\zip.dll
0x00007ffa75ae0000 - 0x00007ffa75af9000 	C:\Users\jleto\.gradle\jdks\eclipse_adoptium-17-amd64-windows\jdk-17.0.10+7\bin\net.dll
0x00007ffa8d6a0000 - 0x00007ffa8d7d7000 	C:\Windows\SYSTEM32\WINHTTP.dll
0x00007ffa92fd0000 - 0x00007ffa93039000 	C:\Windows\system32\mswsock.dll
0x00007ffa73b80000 - 0x00007ffa73b96000 	C:\Users\jleto\.gradle\jdks\eclipse_adoptium-17-amd64-windows\jdk-17.0.10+7\bin\nio.dll
0x00007ffa7b0f0000 - 0x00007ffa7b100000 	C:\Users\jleto\.gradle\jdks\eclipse_adoptium-17-amd64-windows\jdk-17.0.10+7\bin\verify.dll
0x00007ffa7d2a0000 - 0x00007ffa7d2c7000 	C:\Users\jleto\.gradle\native\c067742578af261105cb4f569cf0c3c89f3d7b1fecec35dd04571415982c5e48\windows-amd64\native-platform.dll
0x00007ffa36780000 - 0x00007ffa368c4000 	C:\Users\jleto\.gradle\native\38dada09dfb8b06ba9b0570ebf7e218e3eb74d4ef43ca46872605cf95ebc2f47\windows-amd64\native-platform-file-events.dll
0x00007ffa7a240000 - 0x00007ffa7a249000 	C:\Users\jleto\.gradle\jdks\eclipse_adoptium-17-amd64-windows\jdk-17.0.10+7\bin\management.dll
0x00007ffa7a050000 - 0x00007ffa7a05b000 	C:\Users\jleto\.gradle\jdks\eclipse_adoptium-17-amd64-windows\jdk-17.0.10+7\bin\management_ext.dll
0x00007ffa95360000 - 0x00007ffa95368000 	C:\Windows\System32\PSAPI.DLL
0x00007ffa93320000 - 0x00007ffa9333b000 	C:\Windows\SYSTEM32\CRYPTSP.dll
0x00007ffa92ac0000 - 0x00007ffa92af5000 	C:\Windows\system32\rsaenh.dll
0x00007ffa93070000 - 0x00007ffa9309c000 	C:\Windows\SYSTEM32\USERENV.dll
0x00007ffa93300000 - 0x00007ffa9330c000 	C:\Windows\SYSTEM32\CRYPTBASE.dll
0x00007ffa924e0000 - 0x00007ffa9250d000 	C:\Windows\SYSTEM32\IPHLPAPI.DLL
0x00007ffa95330000 - 0x00007ffa95339000 	C:\Windows\System32\NSI.dll
0x00007ffa8d440000 - 0x00007ffa8d459000 	C:\Windows\SYSTEM32\dhcpcsvc6.DLL
0x00007ffa8d3d0000 - 0x00007ffa8d3ef000 	C:\Windows\SYSTEM32\dhcpcsvc.DLL
0x00007ffa92510000 - 0x00007ffa92609000 	C:\Windows\SYSTEM32\DNSAPI.dll
0x00007ffa791a0000 - 0x00007ffa791a9000 	C:\Users\jleto\.gradle\jdks\eclipse_adoptium-17-amd64-windows\jdk-17.0.10+7\bin\extnet.dll
0x00007ffa72670000 - 0x00007ffa7267e000 	C:\Users\jleto\.gradle\jdks\eclipse_adoptium-17-amd64-windows\jdk-17.0.10+7\bin\sunmscapi.dll
0x00007ffa93e40000 - 0x00007ffa93fa6000 	C:\Windows\System32\CRYPT32.dll
0x00007ffa93410000 - 0x00007ffa9343e000 	C:\Windows\SYSTEM32\ncrypt.dll
0x00007ffa933d0000 - 0x00007ffa93407000 	C:\Windows\SYSTEM32\NTASN1.dll
0x00007ffa605a0000 - 0x00007ffa605a8000 	C:\Windows\system32\wshunix.dll

dbghelp: loaded successfully - version: 4.0.5 - missing functions: none
symbol engine: initialized successfully - sym options: 0x614 - pdb path: .;C:\Users\jleto\.gradle\jdks\eclipse_adoptium-17-amd64-windows\jdk-17.0.10+7\bin;C:\Windows\SYSTEM32;C:\Windows\WinSxS\amd64_microsoft.windows.common-controls_6595b64144ccf1df_6.0.22621.2506_none_270c5ae97388e100;C:\Users\jleto\.gradle\jdks\eclipse_adoptium-17-amd64-windows\jdk-17.0.10+7\bin\server;C:\Users\jleto\.gradle\native\c067742578af261105cb4f569cf0c3c89f3d7b1fecec35dd04571415982c5e48\windows-amd64;C:\Users\jleto\.gradle\native\38dada09dfb8b06ba9b0570ebf7e218e3eb74d4ef43ca46872605cf95ebc2f47\windows-amd64

VM Arguments:
jvm_args: --add-opens=java.base/java.util=ALL-UNNAMED --add-opens=java.base/java.lang=ALL-UNNAMED --add-opens=java.base/java.lang.invoke=ALL-UNNAMED --add-opens=java.prefs/java.util.prefs=ALL-UNNAMED --add-opens=java.base/java.nio.charset=ALL-UNNAMED --add-opens=java.base/java.net=ALL-UNNAMED --add-opens=java.base/java.util.concurrent.atomic=ALL-UNNAMED -Xmx3G -Dfile.encoding=windows-1252 -Duser.country=US -Duser.language=en -Duser.variant -javaagent:C:\Users\jleto\.gradle\wrapper\dists\gradle-8.4-all\56r6xik2f6skrm47et0ibifug\gradle-8.4\lib\agents\gradle-instrumentation-agent-8.4.jar 
java_command: org.gradle.launcher.daemon.bootstrap.GradleDaemon 8.4
java_class_path (initial): C:\Users\jleto\.gradle\wrapper\dists\gradle-8.4-all\56r6xik2f6skrm47et0ibifug\gradle-8.4\lib\gradle-launcher-8.4.jar
Launcher Type: SUN_STANDARD

[Global flags]
     intx CICompilerCount                          = 12                                        {product} {ergonomic}
     uint ConcGCThreads                            = 3                                         {product} {ergonomic}
     uint G1ConcRefinementThreads                  = 13                                        {product} {ergonomic}
   size_t G1HeapRegionSize                         = 2097152                                   {product} {ergonomic}
    uintx GCDrainStackTargetSize                   = 64                                        {product} {ergonomic}
   size_t InitialHeapSize                          = 230686720                                 {product} {ergonomic}
   size_t MarkStackSize                            = 4194304                                   {product} {ergonomic}
   size_t MaxHeapSize                              = 3221225472                                {product} {command line}
   size_t MaxNewSize                               = 1931476992                                {product} {ergonomic}
   size_t MinHeapDeltaBytes                        = 2097152                                   {product} {ergonomic}
   size_t MinHeapSize                              = 8388608                                   {product} {ergonomic}
    uintx NonNMethodCodeHeapSize                   = 7602480                                {pd product} {ergonomic}
    uintx NonProfiledCodeHeapSize                  = 122027880                              {pd product} {ergonomic}
    uintx ProfiledCodeHeapSize                     = 122027880                              {pd product} {ergonomic}
    uintx ReservedCodeCacheSize                    = 251658240                              {pd product} {ergonomic}
     bool SegmentedCodeCache                       = true                                      {product} {ergonomic}
   size_t SoftMaxHeapSize                          = 3221225472                             {manageable} {ergonomic}
     bool UseCompressedClassPointers               = true                           {product lp64_product} {ergonomic}
     bool UseCompressedOops                        = true                           {product lp64_product} {ergonomic}
     bool UseG1GC                                  = true                                      {product} {ergonomic}
     bool UseLargePagesIndividualAllocation        = false                                  {pd product} {ergonomic}

Logging:
Log output configuration:
 #0: stdout all=warning uptime,level,tags
 #1: stderr all=off uptime,level,tags

Environment Variables:
JAVA_HOME=C:\Program Files\Eclipse Adoptium\jre-21.0.2.13-hotspot\
PATH=C:\Program Files (x86)\Common Files\Oracle\Java\javapath;C:\Program Files\Eclipse Adoptium\jre-21.0.2.13-hotspot\bin;C:\Program Files (x86)\Razer Chroma SDK\bin;C:\Program Files\Razer Chroma SDK\bin;C:\Program Files (x86)\Razer\ChromaBroadcast\bin;C:\Program Files\Razer\ChromaBroadcast\bin;C:\Program Files\Oculus\Support\oculus-runtime;C:\Program Files (x86)\Common Files\Intel\Shared Libraries\redist\intel64\compiler;C:\Windows\system32;C:\Windows;C:\Windows\System32\Wbem;C:\Windows\System32\WindowsPowerShell\v1.0\;C:\Windows\System32\OpenSSH\;C:\Program Files (x86)\NVIDIA Corporation\PhysX\Common;C:\Program Files\NVIDIA Corporation\NVIDIA NvDLISR;C:\Windows\system32\config\systemprofile\AppData\Local\Microsoft\WindowsApps;C:\Program Files\Prio;C:\Users\jleto\AppData\Local\Microsoft\WindowsApps;;C:\Users\jleto\AppData\Local\Programs\Microsoft VS Code\bin
USERNAME=jleto
OS=Windows_NT
PROCESSOR_IDENTIFIER=AMD64 Family 25 Model 68 Stepping 1, AuthenticAMD
TMP=C:\Users\jleto\AppData\Local\Temp
TEMP=C:\Users\jleto\AppData\Local\Temp



Periodic native trim disabled


---------------  S Y S T E M  ---------------

OS:
 Windows 11 , 64 bit Build 22621 (10.0.22621.3085)
OS uptime: 1 days 17:58 hours
Hyper-V role detected

CPU: total 16 (initial active 16) (16 cores per cpu, 2 threads per core) family 25 model 68 stepping 1 microcode 0x0, cx8, cmov, fxsr, ht, mmx, 3dnowpref, sse, sse2, sse3, ssse3, sse4a, sse4.1, sse4.2, popcnt, lzcnt, tsc, tscinvbit, avx, avx2, aes, erms, clmul, bmi1, bmi2, adx, sha, fma, vzeroupper, clflush, clflushopt, hv
Processor Information for all 16 processors :
  Max Mhz: 3201, Current Mhz: 3201, Mhz Limit: 3201

Memory: 4k page, system-wide physical 14020M (279M free)
TotalPageFile size 57028M (AvailPageFile size 3M)
current process WorkingSet (physical memory assigned to process): 210M, peak: 210M
current process commit charge ("private bytes"): 380M, peak: 380M

vm_info: OpenJDK 64-Bit Server VM (17.0.10+7) for windows-amd64 JRE (17.0.10+7), built on Jan 16 2024 23:25:11 by "admin" with MS VC++ 16.10 / 16.11 (VS2019)

END.
