#
# There is insufficient memory for the Java Runtime Environment to continue.
# Native memory allocation (malloc) failed to allocate 1252256 bytes for Chunk::new
# Possible reasons:
#   The system is out of physical RAM or swap space
#   The process is running with CompressedOops enabled, and the Java Heap may be blocking the growth of the native heap
# Possible solutions:
#   Reduce memory load on the system
#   Increase physical memory or swap space
#   Check if swap backing store is full
#   Decrease Java heap size (-Xmx/-Xms)
#   Decrease number of Java threads
#   Decrease Java thread stack sizes (-Xss)
#   Set larger code cache with -XX:ReservedCodeCacheSize=
#   JVM is running with Zero Based Compressed Oops mode in which the Java heap is
#     placed in the first 32GB address space. The Java Heap base address is the
#     maximum limit for the native heap growth. Please use -XX:HeapBaseMinAddress
#     to set the Java Heap base and to place the Java Heap above 32GB virtual address.
# This output file may be truncated or incomplete.
#
#  Out of Memory Error (arena.cpp:191), pid=72036, tid=44888
#
# JRE version: OpenJDK Runtime Environment Temurin-17.0.10+7 (17.0.10+7) (build 17.0.10+7)
# Java VM: OpenJDK 64-Bit Server VM Temurin-17.0.10+7 (17.0.10+7, mixed mode, sharing, tiered, compressed oops, compressed class ptrs, g1 gc, windows-amd64)
# No core dump will be written. Minidumps are not enabled by default on client versions of Windows
#

---------------  S U M M A R Y ------------

Command Line: --add-opens=java.base/java.util=ALL-UNNAMED --add-opens=java.base/java.lang=ALL-UNNAMED --add-opens=java.base/java.lang.invoke=ALL-UNNAMED --add-opens=java.prefs/java.util.prefs=ALL-UNNAMED --add-opens=java.base/java.nio.charset=ALL-UNNAMED --add-opens=java.base/java.net=ALL-UNNAMED --add-opens=java.base/java.util.concurrent.atomic=ALL-UNNAMED -Xmx3G -Dfile.encoding=windows-1252 -Duser.country=US -Duser.language=en -Duser.variant -javaagent:C:\Users\jleto\.gradle\wrapper\dists\gradle-8.4-all\56r6xik2f6skrm47et0ibifug\gradle-8.4\lib\agents\gradle-instrumentation-agent-8.4.jar org.gradle.launcher.daemon.bootstrap.GradleDaemon 8.4

Host: AMD Ryzen 7 6800HS Creator Edition, 16 cores, 13G,  Windows 11 , 64 bit Build 22621 (10.0.22621.3085)
Time: Wed Mar  6 22:23:47 2024 Eastern Standard Time elapsed time: 1.280920 seconds (0d 0h 0m 1s)

---------------  T H R E A D  ---------------

Current thread (0x0000019e834601b0):  JavaThread "C2 CompilerThread1" daemon [_thread_in_native, id=44888, stack(0x0000001966500000,0x0000001966600000)]


Current CompileTask:
C2:   1280 2270       4       jdk.internal.org.objectweb.asm.Frame::execute (2305 bytes)

Stack: [0x0000001966500000,0x0000001966600000]
Native frames: (J=compiled Java code, j=interpreted, Vv=VM code, C=native code)
V  [jvm.dll+0x67d2c9]
V  [jvm.dll+0x834afa]
V  [jvm.dll+0x8365be]
V  [jvm.dll+0x836c23]
V  [jvm.dll+0x2477ff]
V  [jvm.dll+0xac514]
V  [jvm.dll+0xacb5c]
V  [jvm.dll+0x3667d7]
V  [jvm.dll+0x1bcd86]
V  [jvm.dll+0x21a049]
V  [jvm.dll+0x219311]
V  [jvm.dll+0x1a502d]
V  [jvm.dll+0x2290de]
V  [jvm.dll+0x2272ac]
V  [jvm.dll+0x7e9bb7]
V  [jvm.dll+0x7e3fba]
V  [jvm.dll+0x67c1b5]
C  [ucrtbase.dll+0x29363]
C  [KERNEL32.DLL+0x1257d]
C  [ntdll.dll+0x5aa58]


---------------  P R O C E S S  ---------------

Threads class SMR info:
_java_thread_list=0x0000019ecb024070, length=27, elements={
0x0000019edfc4c210, 0x0000019e831cb310, 0x0000019e831cc190, 0x0000019e831e2f40,
0x0000019e831e3a10, 0x0000019e831e64e0, 0x0000019e831e6ea0, 0x0000019e831f0c70,
0x0000019e83350e90, 0x0000019e83351c80, 0x0000019e831ba170, 0x0000019e8343f200,
0x0000019e834477c0, 0x0000019e834601b0, 0x0000019e8351de70, 0x0000019eca6f89e0,
0x0000019ecae1d430, 0x0000019eca361b80, 0x0000019ec9614830, 0x0000019ec9d98520,
0x0000019ec9d98a00, 0x0000019ec97f1af0, 0x0000019e835ab660, 0x0000019e835ac080,
0x0000019e835aa730, 0x0000019e835aac40, 0x0000019e835a88d0
}

Java Threads: ( => current thread )
  0x0000019edfc4c210 JavaThread "main" [_thread_blocked, id=68080, stack(0x0000001965200000,0x0000001965300000)]
  0x0000019e831cb310 JavaThread "Reference Handler" daemon [_thread_blocked, id=61904, stack(0x0000001965900000,0x0000001965a00000)]
  0x0000019e831cc190 JavaThread "Finalizer" daemon [_thread_blocked, id=51904, stack(0x0000001965a00000,0x0000001965b00000)]
  0x0000019e831e2f40 JavaThread "Signal Dispatcher" daemon [_thread_blocked, id=63668, stack(0x0000001965b00000,0x0000001965c00000)]
  0x0000019e831e3a10 JavaThread "Attach Listener" daemon [_thread_blocked, id=44424, stack(0x0000001965c00000,0x0000001965d00000)]
  0x0000019e831e64e0 JavaThread "Service Thread" daemon [_thread_blocked, id=65784, stack(0x0000001965d00000,0x0000001965e00000)]
  0x0000019e831e6ea0 JavaThread "Monitor Deflation Thread" daemon [_thread_blocked, id=48480, stack(0x0000001965e00000,0x0000001965f00000)]
  0x0000019e831f0c70 JavaThread "C2 CompilerThread0" daemon [_thread_in_native, id=62576, stack(0x0000001965f00000,0x0000001966000000)]
  0x0000019e83350e90 JavaThread "C1 CompilerThread0" daemon [_thread_blocked, id=40196, stack(0x0000001966000000,0x0000001966100000)]
  0x0000019e83351c80 JavaThread "Sweeper thread" daemon [_thread_blocked, id=70808, stack(0x0000001966100000,0x0000001966200000)]
  0x0000019e831ba170 JavaThread "Common-Cleaner" daemon [_thread_blocked, id=69236, stack(0x0000001966200000,0x0000001966300000)]
  0x0000019e8343f200 JavaThread "C1 CompilerThread1" daemon [_thread_blocked, id=59288, stack(0x0000001966300000,0x0000001966400000)]
  0x0000019e834477c0 JavaThread "C1 CompilerThread2" daemon [_thread_blocked, id=58892, stack(0x0000001966400000,0x0000001966500000)]
=>0x0000019e834601b0 JavaThread "C2 CompilerThread1" daemon [_thread_in_native, id=44888, stack(0x0000001966500000,0x0000001966600000)]
  0x0000019e8351de70 JavaThread "Notification Thread" daemon [_thread_blocked, id=59152, stack(0x0000001966600000,0x0000001966700000)]
  0x0000019eca6f89e0 JavaThread "Daemon health stats" [_thread_blocked, id=67956, stack(0x0000001966c00000,0x0000001966d00000)]
  0x0000019ecae1d430 JavaThread "Incoming local TCP Connector on port 56618" [_thread_in_native, id=63928, stack(0x0000001966d00000,0x0000001966e00000)]
  0x0000019eca361b80 JavaThread "Daemon periodic checks" [_thread_blocked, id=68460, stack(0x0000001966e00000,0x0000001966f00000)]
  0x0000019ec9614830 JavaThread "Daemon" [_thread_blocked, id=60816, stack(0x0000001966f00000,0x0000001967000000)]
  0x0000019ec9d98520 JavaThread "Handler for socket connection from /127.0.0.1:56618 to /127.0.0.1:56619" [_thread_in_native, id=71840, stack(0x0000001967000000,0x0000001967100000)]
  0x0000019ec9d98a00 JavaThread "Cancel handler" [_thread_blocked, id=63544, stack(0x0000001967100000,0x0000001967200000)]
  0x0000019ec97f1af0 JavaThread "Daemon worker" [_thread_in_vm, id=72156, stack(0x0000001967200000,0x0000001967300000)]
  0x0000019e835ab660 JavaThread "Asynchronous log dispatcher for DefaultDaemonConnection: socket connection from /127.0.0.1:56618 to /127.0.0.1:56619" [_thread_blocked, id=68412, stack(0x0000001967300000,0x0000001967400000)]
  0x0000019e835ac080 JavaThread "Stdin handler" [_thread_blocked, id=53456, stack(0x0000001967400000,0x0000001967500000)]
  0x0000019e835aa730 JavaThread "Daemon client event forwarder" [_thread_blocked, id=71708, stack(0x0000001967500000,0x0000001967600000)]
  0x0000019e835aac40 JavaThread "Cache worker for journal cache (C:\Users\jleto\.gradle\caches\journal-1)" [_thread_blocked, id=68788, stack(0x0000001967600000,0x0000001967700000)]
  0x0000019e835a88d0 JavaThread "File lock request listener" [_thread_in_native, id=71484, stack(0x0000001967700000,0x0000001967800000)]

Other Threads:
  0x0000019e831c6c50 VMThread "VM Thread" [stack: 0x0000001965800000,0x0000001965900000] [id=60700]
  0x0000019e8354f460 WatcherThread [stack: 0x0000001966700000,0x0000001966800000] [id=66564]
  0x0000019edfca8610 GCTaskThread "GC Thread#0" [stack: 0x0000001965300000,0x0000001965400000] [id=61536]
  0x0000019e83f2c500 GCTaskThread "GC Thread#1" [stack: 0x0000001966800000,0x0000001966900000] [id=61672]
  0x0000019e83aa7260 GCTaskThread "GC Thread#2" [stack: 0x0000001966900000,0x0000001966a00000] [id=59212]
  0x0000019e83aa7520 GCTaskThread "GC Thread#3" [stack: 0x0000001966a00000,0x0000001966b00000] [id=47396]
  0x0000019e83aa77e0 GCTaskThread "GC Thread#4" [stack: 0x0000001966b00000,0x0000001966c00000] [id=70828]
  0x0000019edfcb5560 ConcurrentGCThread "G1 Main Marker" [stack: 0x0000001965400000,0x0000001965500000] [id=68304]
  0x0000019edfcb5f80 ConcurrentGCThread "G1 Conc#0" [stack: 0x0000001965500000,0x0000001965600000] [id=36900]
  0x0000019e830861a0 ConcurrentGCThread "G1 Refine#0" [stack: 0x0000001965600000,0x0000001965700000] [id=47564]
  0x0000019e830869e0 ConcurrentGCThread "G1 Service" [stack: 0x0000001965700000,0x0000001965800000] [id=71508]

Threads with active compile tasks:
C2 CompilerThread0     1297 2438   !   4       java.lang.ClassLoader::loadClass (121 bytes)
C2 CompilerThread1     1297 2270       4       jdk.internal.org.objectweb.asm.Frame::execute (2305 bytes)

VM state: not at safepoint (normal execution)

VM Mutex/Monitor currently owned by a thread: None

Heap address: 0x0000000740000000, size: 3072 MB, Compressed Oops mode: Zero based, Oop shift amount: 3

CDS archive(s) mapped at: [0x0000019e84000000-0x0000019e84bb0000-0x0000019e84bb0000), size 12255232, SharedBaseAddress: 0x0000019e84000000, ArchiveRelocationMode: 1.
Compressed class space mapped at: 0x0000019e85000000-0x0000019ec5000000, reserved size: 1073741824
Narrow klass base: 0x0000019e84000000, Narrow klass shift: 0, Narrow klass range: 0x100000000

GC Precious Log:
 CPUs: 16 total, 16 available
 Memory: 14020M
 Large Page Support: Disabled
 NUMA Support: Disabled
 Compressed Oops: Enabled (Zero based)
 Heap Region Size: 2M
 Heap Min Capacity: 8M
 Heap Initial Capacity: 220M
 Heap Max Capacity: 3G
 Pre-touch: Disabled
 Parallel Workers: 13
 Concurrent Workers: 3
 Concurrent Refinement Workers: 13
 Periodic GC: Disabled

Heap:
 garbage-first heap   total 225280K, used 80798K [0x0000000740000000, 0x0000000800000000)
  region size 2048K, 36 young (73728K), 1 survivors (2048K)
 Metaspace       used 14625K, committed 14976K, reserved 1114112K
  class space    used 2018K, committed 2176K, reserved 1048576K

Heap Regions: E=young(eden), S=young(survivor), O=old, HS=humongous(starts), HC=humongous(continues), CS=collection set, F=free, OA=open archive, CA=closed archive, TAMS=top-at-mark-start (previous, next)
|   0|0x0000000740000000, 0x0000000740200000, 0x0000000740200000|100%|HS|  |TAMS 0x0000000740000000, 0x0000000740000000| Complete 
|   1|0x0000000740200000, 0x0000000740400000, 0x0000000740400000|100%|HC|  |TAMS 0x0000000740200000, 0x0000000740200000| Complete 
|   2|0x0000000740400000, 0x0000000740600000, 0x0000000740600000|100%| O|  |TAMS 0x0000000740400000, 0x0000000740400000| Untracked 
|   3|0x0000000740600000, 0x0000000740800000, 0x0000000740800000|100%| O|  |TAMS 0x0000000740600000, 0x0000000740600000| Untracked 
|   4|0x0000000740800000, 0x0000000740a00000, 0x0000000740a00000|100%| O|  |TAMS 0x0000000740800000, 0x0000000740800000| Untracked 
|   5|0x0000000740a00000, 0x0000000740a04200, 0x0000000740c00000|  0%| O|  |TAMS 0x0000000740a00000, 0x0000000740a00000| Untracked 
|   6|0x0000000740c00000, 0x0000000740c00000, 0x0000000740e00000|  0%| F|  |TAMS 0x0000000740c00000, 0x0000000740c00000| Untracked 
|   7|0x0000000740e00000, 0x0000000740e00000, 0x0000000741000000|  0%| F|  |TAMS 0x0000000740e00000, 0x0000000740e00000| Untracked 
|   8|0x0000000741000000, 0x0000000741000000, 0x0000000741200000|  0%| F|  |TAMS 0x0000000741000000, 0x0000000741000000| Untracked 
|   9|0x0000000741200000, 0x0000000741200000, 0x0000000741400000|  0%| F|  |TAMS 0x0000000741200000, 0x0000000741200000| Untracked 
|  10|0x0000000741400000, 0x0000000741400000, 0x0000000741600000|  0%| F|  |TAMS 0x0000000741400000, 0x0000000741400000| Untracked 
|  11|0x0000000741600000, 0x0000000741600000, 0x0000000741800000|  0%| F|  |TAMS 0x0000000741600000, 0x0000000741600000| Untracked 
|  12|0x0000000741800000, 0x0000000741800000, 0x0000000741a00000|  0%| F|  |TAMS 0x0000000741800000, 0x0000000741800000| Untracked 
|  13|0x0000000741a00000, 0x0000000741a00000, 0x0000000741c00000|  0%| F|  |TAMS 0x0000000741a00000, 0x0000000741a00000| Untracked 
|  14|0x0000000741c00000, 0x0000000741c00000, 0x0000000741e00000|  0%| F|  |TAMS 0x0000000741c00000, 0x0000000741c00000| Untracked 
|  15|0x0000000741e00000, 0x0000000741e00000, 0x0000000742000000|  0%| F|  |TAMS 0x0000000741e00000, 0x0000000741e00000| Untracked 
|  16|0x0000000742000000, 0x0000000742000000, 0x0000000742200000|  0%| F|  |TAMS 0x0000000742000000, 0x0000000742000000| Untracked 
|  17|0x0000000742200000, 0x0000000742200000, 0x0000000742400000|  0%| F|  |TAMS 0x0000000742200000, 0x0000000742200000| Untracked 
|  18|0x0000000742400000, 0x0000000742400000, 0x0000000742600000|  0%| F|  |TAMS 0x0000000742400000, 0x0000000742400000| Untracked 
|  19|0x0000000742600000, 0x0000000742600000, 0x0000000742800000|  0%| F|  |TAMS 0x0000000742600000, 0x0000000742600000| Untracked 
|  20|0x0000000742800000, 0x0000000742800000, 0x0000000742a00000|  0%| F|  |TAMS 0x0000000742800000, 0x0000000742800000| Untracked 
|  21|0x0000000742a00000, 0x0000000742a00000, 0x0000000742c00000|  0%| F|  |TAMS 0x0000000742a00000, 0x0000000742a00000| Untracked 
|  22|0x0000000742c00000, 0x0000000742c00000, 0x0000000742e00000|  0%| F|  |TAMS 0x0000000742c00000, 0x0000000742c00000| Untracked 
|  23|0x0000000742e00000, 0x0000000742e00000, 0x0000000743000000|  0%| F|  |TAMS 0x0000000742e00000, 0x0000000742e00000| Untracked 
|  24|0x0000000743000000, 0x0000000743000000, 0x0000000743200000|  0%| F|  |TAMS 0x0000000743000000, 0x0000000743000000| Untracked 
|  25|0x0000000743200000, 0x0000000743200000, 0x0000000743400000|  0%| F|  |TAMS 0x0000000743200000, 0x0000000743200000| Untracked 
|  26|0x0000000743400000, 0x0000000743400000, 0x0000000743600000|  0%| F|  |TAMS 0x0000000743400000, 0x0000000743400000| Untracked 
|  27|0x0000000743600000, 0x0000000743600000, 0x0000000743800000|  0%| F|  |TAMS 0x0000000743600000, 0x0000000743600000| Untracked 
|  28|0x0000000743800000, 0x0000000743800000, 0x0000000743a00000|  0%| F|  |TAMS 0x0000000743800000, 0x0000000743800000| Untracked 
|  29|0x0000000743a00000, 0x0000000743a00000, 0x0000000743c00000|  0%| F|  |TAMS 0x0000000743a00000, 0x0000000743a00000| Untracked 
|  30|0x0000000743c00000, 0x0000000743c00000, 0x0000000743e00000|  0%| F|  |TAMS 0x0000000743c00000, 0x0000000743c00000| Untracked 
|  31|0x0000000743e00000, 0x0000000743e00000, 0x0000000744000000|  0%| F|  |TAMS 0x0000000743e00000, 0x0000000743e00000| Untracked 
|  32|0x0000000744000000, 0x0000000744000000, 0x0000000744200000|  0%| F|  |TAMS 0x0000000744000000, 0x0000000744000000| Untracked 
|  33|0x0000000744200000, 0x0000000744200000, 0x0000000744400000|  0%| F|  |TAMS 0x0000000744200000, 0x0000000744200000| Untracked 
|  34|0x0000000744400000, 0x0000000744400000, 0x0000000744600000|  0%| F|  |TAMS 0x0000000744400000, 0x0000000744400000| Untracked 
|  35|0x0000000744600000, 0x0000000744600000, 0x0000000744800000|  0%| F|  |TAMS 0x0000000744600000, 0x0000000744600000| Untracked 
|  36|0x0000000744800000, 0x0000000744800000, 0x0000000744a00000|  0%| F|  |TAMS 0x0000000744800000, 0x0000000744800000| Untracked 
|  37|0x0000000744a00000, 0x0000000744a00000, 0x0000000744c00000|  0%| F|  |TAMS 0x0000000744a00000, 0x0000000744a00000| Untracked 
|  38|0x0000000744c00000, 0x0000000744c00000, 0x0000000744e00000|  0%| F|  |TAMS 0x0000000744c00000, 0x0000000744c00000| Untracked 
|  39|0x0000000744e00000, 0x0000000744e00000, 0x0000000745000000|  0%| F|  |TAMS 0x0000000744e00000, 0x0000000744e00000| Untracked 
|  40|0x0000000745000000, 0x0000000745000000, 0x0000000745200000|  0%| F|  |TAMS 0x0000000745000000, 0x0000000745000000| Untracked 
|  41|0x0000000745200000, 0x0000000745200000, 0x0000000745400000|  0%| F|  |TAMS 0x0000000745200000, 0x0000000745200000| Untracked 
|  42|0x0000000745400000, 0x0000000745400000, 0x0000000745600000|  0%| F|  |TAMS 0x0000000745400000, 0x0000000745400000| Untracked 
|  43|0x0000000745600000, 0x0000000745600000, 0x0000000745800000|  0%| F|  |TAMS 0x0000000745600000, 0x0000000745600000| Untracked 
|  44|0x0000000745800000, 0x0000000745800000, 0x0000000745a00000|  0%| F|  |TAMS 0x0000000745800000, 0x0000000745800000| Untracked 
|  45|0x0000000745a00000, 0x0000000745a00000, 0x0000000745c00000|  0%| F|  |TAMS 0x0000000745a00000, 0x0000000745a00000| Untracked 
|  46|0x0000000745c00000, 0x0000000745c00000, 0x0000000745e00000|  0%| F|  |TAMS 0x0000000745c00000, 0x0000000745c00000| Untracked 
|  47|0x0000000745e00000, 0x0000000745e00000, 0x0000000746000000|  0%| F|  |TAMS 0x0000000745e00000, 0x0000000745e00000| Untracked 
|  48|0x0000000746000000, 0x0000000746000000, 0x0000000746200000|  0%| F|  |TAMS 0x0000000746000000, 0x0000000746000000| Untracked 
|  49|0x0000000746200000, 0x0000000746200000, 0x0000000746400000|  0%| F|  |TAMS 0x0000000746200000, 0x0000000746200000| Untracked 
|  50|0x0000000746400000, 0x0000000746400000, 0x0000000746600000|  0%| F|  |TAMS 0x0000000746400000, 0x0000000746400000| Untracked 
|  51|0x0000000746600000, 0x0000000746600000, 0x0000000746800000|  0%| F|  |TAMS 0x0000000746600000, 0x0000000746600000| Untracked 
|  52|0x0000000746800000, 0x0000000746800000, 0x0000000746a00000|  0%| F|  |TAMS 0x0000000746800000, 0x0000000746800000| Untracked 
|  53|0x0000000746a00000, 0x0000000746a00000, 0x0000000746c00000|  0%| F|  |TAMS 0x0000000746a00000, 0x0000000746a00000| Untracked 
|  54|0x0000000746c00000, 0x0000000746c00000, 0x0000000746e00000|  0%| F|  |TAMS 0x0000000746c00000, 0x0000000746c00000| Untracked 
|  55|0x0000000746e00000, 0x0000000746e00000, 0x0000000747000000|  0%| F|  |TAMS 0x0000000746e00000, 0x0000000746e00000| Untracked 
|  56|0x0000000747000000, 0x0000000747000000, 0x0000000747200000|  0%| F|  |TAMS 0x0000000747000000, 0x0000000747000000| Untracked 
|  57|0x0000000747200000, 0x0000000747200000, 0x0000000747400000|  0%| F|  |TAMS 0x0000000747200000, 0x0000000747200000| Untracked 
|  58|0x0000000747400000, 0x0000000747400000, 0x0000000747600000|  0%| F|  |TAMS 0x0000000747400000, 0x0000000747400000| Untracked 
|  59|0x0000000747600000, 0x0000000747600000, 0x0000000747800000|  0%| F|  |TAMS 0x0000000747600000, 0x0000000747600000| Untracked 
|  60|0x0000000747800000, 0x0000000747800000, 0x0000000747a00000|  0%| F|  |TAMS 0x0000000747800000, 0x0000000747800000| Untracked 
|  61|0x0000000747a00000, 0x0000000747a00000, 0x0000000747c00000|  0%| F|  |TAMS 0x0000000747a00000, 0x0000000747a00000| Untracked 
|  62|0x0000000747c00000, 0x0000000747c00000, 0x0000000747e00000|  0%| F|  |TAMS 0x0000000747c00000, 0x0000000747c00000| Untracked 
|  63|0x0000000747e00000, 0x0000000747e00000, 0x0000000748000000|  0%| F|  |TAMS 0x0000000747e00000, 0x0000000747e00000| Untracked 
|  64|0x0000000748000000, 0x0000000748000000, 0x0000000748200000|  0%| F|  |TAMS 0x0000000748000000, 0x0000000748000000| Untracked 
|  65|0x0000000748200000, 0x0000000748200000, 0x0000000748400000|  0%| F|  |TAMS 0x0000000748200000, 0x0000000748200000| Untracked 
|  66|0x0000000748400000, 0x0000000748400000, 0x0000000748600000|  0%| F|  |TAMS 0x0000000748400000, 0x0000000748400000| Untracked 
|  67|0x0000000748600000, 0x0000000748600000, 0x0000000748800000|  0%| F|  |TAMS 0x0000000748600000, 0x0000000748600000| Untracked 
|  68|0x0000000748800000, 0x0000000748800000, 0x0000000748a00000|  0%| F|  |TAMS 0x0000000748800000, 0x0000000748800000| Untracked 
|  69|0x0000000748a00000, 0x0000000748a00000, 0x0000000748c00000|  0%| F|  |TAMS 0x0000000748a00000, 0x0000000748a00000| Untracked 
|  70|0x0000000748c00000, 0x0000000748c00000, 0x0000000748e00000|  0%| F|  |TAMS 0x0000000748c00000, 0x0000000748c00000| Untracked 
|  71|0x0000000748e00000, 0x0000000748e00000, 0x0000000749000000|  0%| F|  |TAMS 0x0000000748e00000, 0x0000000748e00000| Untracked 
|  72|0x0000000749000000, 0x0000000749000000, 0x0000000749200000|  0%| F|  |TAMS 0x0000000749000000, 0x0000000749000000| Untracked 
|  73|0x0000000749200000, 0x0000000749200000, 0x0000000749400000|  0%| F|  |TAMS 0x0000000749200000, 0x0000000749200000| Untracked 
|  74|0x0000000749400000, 0x00000007494de5f0, 0x0000000749600000| 43%| E|  |TAMS 0x0000000749400000, 0x0000000749400000| Complete 
|  75|0x0000000749600000, 0x0000000749800000, 0x0000000749800000|100%| E|CS|TAMS 0x0000000749600000, 0x0000000749600000| Complete 
|  76|0x0000000749800000, 0x0000000749a00000, 0x0000000749a00000|100%| E|CS|TAMS 0x0000000749800000, 0x0000000749800000| Complete 
|  77|0x0000000749a00000, 0x0000000749c00000, 0x0000000749c00000|100%| E|CS|TAMS 0x0000000749a00000, 0x0000000749a00000| Complete 
|  78|0x0000000749c00000, 0x0000000749e00000, 0x0000000749e00000|100%| E|CS|TAMS 0x0000000749c00000, 0x0000000749c00000| Complete 
|  79|0x0000000749e00000, 0x000000074a000000, 0x000000074a000000|100%| E|CS|TAMS 0x0000000749e00000, 0x0000000749e00000| Complete 
|  80|0x000000074a000000, 0x000000074a200000, 0x000000074a200000|100%| E|CS|TAMS 0x000000074a000000, 0x000000074a000000| Complete 
|  81|0x000000074a200000, 0x000000074a400000, 0x000000074a400000|100%| E|CS|TAMS 0x000000074a200000, 0x000000074a200000| Complete 
|  82|0x000000074a400000, 0x000000074a600000, 0x000000074a600000|100%| E|CS|TAMS 0x000000074a400000, 0x000000074a400000| Complete 
|  83|0x000000074a600000, 0x000000074a800000, 0x000000074a800000|100%| E|CS|TAMS 0x000000074a600000, 0x000000074a600000| Complete 
|  84|0x000000074a800000, 0x000000074aa00000, 0x000000074aa00000|100%| E|CS|TAMS 0x000000074a800000, 0x000000074a800000| Complete 
|  85|0x000000074aa00000, 0x000000074ac00000, 0x000000074ac00000|100%| E|CS|TAMS 0x000000074aa00000, 0x000000074aa00000| Complete 
|  86|0x000000074ac00000, 0x000000074ae00000, 0x000000074ae00000|100%| E|CS|TAMS 0x000000074ac00000, 0x000000074ac00000| Complete 
|  87|0x000000074ae00000, 0x000000074b000000, 0x000000074b000000|100%| E|CS|TAMS 0x000000074ae00000, 0x000000074ae00000| Complete 
|  88|0x000000074b000000, 0x000000074b200000, 0x000000074b200000|100%| E|CS|TAMS 0x000000074b000000, 0x000000074b000000| Complete 
|  89|0x000000074b200000, 0x000000074b400000, 0x000000074b400000|100%| E|CS|TAMS 0x000000074b200000, 0x000000074b200000| Complete 
|  90|0x000000074b400000, 0x000000074b600000, 0x000000074b600000|100%| E|CS|TAMS 0x000000074b400000, 0x000000074b400000| Complete 
|  91|0x000000074b600000, 0x000000074b800000, 0x000000074b800000|100%| E|CS|TAMS 0x000000074b600000, 0x000000074b600000| Complete 
|  92|0x000000074b800000, 0x000000074ba00000, 0x000000074ba00000|100%| E|CS|TAMS 0x000000074b800000, 0x000000074b800000| Complete 
|  93|0x000000074ba00000, 0x000000074bc00000, 0x000000074bc00000|100%| E|CS|TAMS 0x000000074ba00000, 0x000000074ba00000| Complete 
|  94|0x000000074bc00000, 0x000000074bce3790, 0x000000074be00000| 44%| S|CS|TAMS 0x000000074bc00000, 0x000000074bc00000| Complete 
|  95|0x000000074be00000, 0x000000074c000000, 0x000000074c000000|100%| E|CS|TAMS 0x000000074be00000, 0x000000074be00000| Complete 
|  96|0x000000074c000000, 0x000000074c200000, 0x000000074c200000|100%| E|CS|TAMS 0x000000074c000000, 0x000000074c000000| Complete 
|  97|0x000000074c200000, 0x000000074c400000, 0x000000074c400000|100%| E|CS|TAMS 0x000000074c200000, 0x000000074c200000| Complete 
|  98|0x000000074c400000, 0x000000074c600000, 0x000000074c600000|100%| E|CS|TAMS 0x000000074c400000, 0x000000074c400000| Complete 
|  99|0x000000074c600000, 0x000000074c800000, 0x000000074c800000|100%| E|CS|TAMS 0x000000074c600000, 0x000000074c600000| Complete 
| 100|0x000000074c800000, 0x000000074ca00000, 0x000000074ca00000|100%| E|CS|TAMS 0x000000074c800000, 0x000000074c800000| Complete 
| 101|0x000000074ca00000, 0x000000074cc00000, 0x000000074cc00000|100%| E|CS|TAMS 0x000000074ca00000, 0x000000074ca00000| Complete 
| 102|0x000000074cc00000, 0x000000074ce00000, 0x000000074ce00000|100%| E|CS|TAMS 0x000000074cc00000, 0x000000074cc00000| Complete 
| 103|0x000000074ce00000, 0x000000074d000000, 0x000000074d000000|100%| E|CS|TAMS 0x000000074ce00000, 0x000000074ce00000| Complete 
| 104|0x000000074d000000, 0x000000074d200000, 0x000000074d200000|100%| E|CS|TAMS 0x000000074d000000, 0x000000074d000000| Complete 
| 105|0x000000074d200000, 0x000000074d400000, 0x000000074d400000|100%| E|CS|TAMS 0x000000074d200000, 0x000000074d200000| Complete 
| 106|0x000000074d400000, 0x000000074d600000, 0x000000074d600000|100%| E|CS|TAMS 0x000000074d400000, 0x000000074d400000| Complete 
| 107|0x000000074d600000, 0x000000074d800000, 0x000000074d800000|100%| E|CS|TAMS 0x000000074d600000, 0x000000074d600000| Complete 
| 108|0x000000074d800000, 0x000000074da00000, 0x000000074da00000|100%| E|CS|TAMS 0x000000074d800000, 0x000000074d800000| Complete 
| 109|0x000000074da00000, 0x000000074dc00000, 0x000000074dc00000|100%| E|CS|TAMS 0x000000074da00000, 0x000000074da00000| Complete 

Card table byte_map: [0x0000019ef9540000,0x0000019ef9b40000] _byte_map_base: 0x0000019ef5b40000

Marking Bits (Prev, Next): (CMBitMap*) 0x0000019edfca8c30, (CMBitMap*) 0x0000019edfca8c70
 Prev Bits: [0x0000019efa140000, 0x0000019efd140000)
 Next Bits: [0x0000019e80000000, 0x0000019e83000000)

Polling page: 0x0000019edfa80000

Metaspace:

Usage:
  Non-class:     12.32 MB used.
      Class:      1.97 MB used.
       Both:     14.30 MB used.

Virtual space:
  Non-class space:       64.00 MB reserved,      12.50 MB ( 20%) committed,  1 nodes.
      Class space:        1.00 GB reserved,       2.12 MB ( <1%) committed,  1 nodes.
             Both:        1.06 GB reserved,      14.62 MB (  1%) committed. 

Chunk freelists:
   Non-Class:  3.16 MB
       Class:  13.92 MB
        Both:  17.08 MB

MaxMetaspaceSize: unlimited
CompressedClassSpaceSize: 1.00 GB
Initial GC threshold: 21.00 MB
Current GC threshold: 21.00 MB
CDS: on
MetaspaceReclaimPolicy: balanced
 - commit_granule_bytes: 65536.
 - commit_granule_words: 8192.
 - virtual_space_node_default_size: 8388608.
 - enlarge_chunks_in_place: 1.
 - new_chunks_are_fully_committed: 0.
 - uncommit_free_chunks: 1.
 - use_allocation_guard: 0.
 - handle_deallocations: 1.


Internal statistics:

num_allocs_failed_limit: 0.
num_arena_births: 192.
num_arena_deaths: 0.
num_vsnodes_births: 2.
num_vsnodes_deaths: 0.
num_space_committed: 234.
num_space_uncommitted: 0.
num_chunks_returned_to_freelist: 0.
num_chunks_taken_from_freelist: 627.
num_chunk_merges: 0.
num_chunk_splits: 434.
num_chunks_enlarged: 335.
num_inconsistent_stats: 0.

CodeHeap 'non-profiled nmethods': size=119168Kb used=1120Kb max_used=1120Kb free=118047Kb
 bounds [0x0000019ef0b10000, 0x0000019ef0d80000, 0x0000019ef7f70000]
CodeHeap 'profiled nmethods': size=119104Kb used=5144Kb max_used=5144Kb free=113959Kb
 bounds [0x0000019ee8f70000, 0x0000019ee9480000, 0x0000019ef03c0000]
CodeHeap 'non-nmethods': size=7488Kb used=2344Kb max_used=2367Kb free=5143Kb
 bounds [0x0000019ef03c0000, 0x0000019ef0630000, 0x0000019ef0b10000]
 total_blobs=2970 nmethods=2448 adapters=432
 compilation: enabled
              stopped_count=0, restarted_count=0
 full_count=0

Compilation events (20 events):
Event: 1.263 Thread 0x0000019e8343f200 2440       1       jdk.internal.reflect.DelegatingMethodAccessorImpl::setDelegate (6 bytes)
Event: 1.263 Thread 0x0000019e8343f200 nmethod 2440 0x0000019ef0c27790 code [0x0000019ef0c27920, 0x0000019ef0c27a38]
Event: 1.264 Thread 0x0000019e8343f200 2441       1       java.lang.reflect.Method::getMethodAccessor (5 bytes)
Event: 1.264 Thread 0x0000019e83350e90 2442       3       jdk.internal.reflect.MethodAccessorImpl::<init> (5 bytes)
Event: 1.264 Thread 0x0000019e834477c0 2444       3       java.lang.reflect.Method::setMethodAccessor (21 bytes)
Event: 1.264 Thread 0x0000019e8343f200 nmethod 2441 0x0000019ef0c27a90 code [0x0000019ef0c27c20, 0x0000019ef0c27cf8]
Event: 1.264 Thread 0x0000019e8343f200 2443       1       jdk.internal.reflect.NativeMethodAccessorImpl::setParent (6 bytes)
Event: 1.264 Thread 0x0000019e83350e90 nmethod 2442 0x0000019ee9468610 code [0x0000019ee94687c0, 0x0000019ee9468978]
Event: 1.264 Thread 0x0000019e8343f200 nmethod 2443 0x0000019ef0c27d90 code [0x0000019ef0c27f20, 0x0000019ef0c28038]
Event: 1.264 Thread 0x0000019e834477c0 nmethod 2444 0x0000019ee9468a90 code [0x0000019ee9468c40, 0x0000019ee9468f48]
Event: 1.268 Thread 0x0000019e834477c0 2445       3       org.gradle.internal.file.FilePathUtil::sizeOfCommonPrefix (142 bytes)
Event: 1.268 Thread 0x0000019e83350e90 2446       3       java.util.ArrayList::add (25 bytes)
Event: 1.268 Thread 0x0000019e83350e90 nmethod 2446 0x0000019ee9469090 code [0x0000019ee9469260, 0x0000019ee94696a8]
Event: 1.268 Thread 0x0000019e83350e90 2447       3       org.gradle.internal.file.FileHierarchySet$Node::sizeOfCommonPrefix (10 bytes)
Event: 1.268 Thread 0x0000019e8343f200 2448       3       org.gradle.internal.file.FilePathUtil::sizeOfCommonPrefix (10 bytes)
Event: 1.268 Thread 0x0000019e8343f200 nmethod 2448 0x0000019ee9469890 code [0x0000019ee9469a20, 0x0000019ee9469b48]
Event: 1.268 Thread 0x0000019e83350e90 nmethod 2447 0x0000019ee9469c10 code [0x0000019ee9469dc0, 0x0000019ee9469f68]
Event: 1.269 Thread 0x0000019e83350e90 2449       3       org.gradle.internal.file.FileHierarchySet$Node::plus (337 bytes)
Event: 1.269 Thread 0x0000019e834477c0 nmethod 2445 0x0000019ee946a090 code [0x0000019ee946a4e0, 0x0000019ee946c738]
Event: 1.271 Thread 0x0000019e83350e90 nmethod 2449 0x0000019ee946d490 code [0x0000019ee946dae0, 0x0000019ee9471878]

GC Heap History (4 events):
Event: 0.317 GC heap before
{Heap before GC invocations=0 (full 0):
 garbage-first heap   total 225280K, used 24576K [0x0000000740000000, 0x0000000800000000)
  region size 2048K, 11 young (22528K), 0 survivors (0K)
 Metaspace       used 2788K, committed 2880K, reserved 1114112K
  class space    used 338K, committed 384K, reserved 1048576K
}
Event: 0.319 GC heap after
{Heap after GC invocations=1 (full 0):
 garbage-first heap   total 225280K, used 10261K [0x0000000740000000, 0x0000000800000000)
  region size 2048K, 2 young (4096K), 2 survivors (4096K)
 Metaspace       used 2788K, committed 2880K, reserved 1114112K
  class space    used 338K, committed 384K, reserved 1048576K
}
Event: 0.493 GC heap before
{Heap before GC invocations=1 (full 0):
 garbage-first heap   total 225280K, used 36885K [0x0000000740000000, 0x0000000800000000)
  region size 2048K, 15 young (30720K), 2 survivors (4096K)
 Metaspace       used 4061K, committed 4224K, reserved 1114112K
  class space    used 492K, committed 576K, reserved 1048576K
}
Event: 0.495 GC heap after
{Heap after GC invocations=2 (full 0):
 garbage-first heap   total 225280K, used 11166K [0x0000000740000000, 0x0000000800000000)
  region size 2048K, 1 young (2048K), 1 survivors (2048K)
 Metaspace       used 4061K, committed 4224K, reserved 1114112K
  class space    used 492K, committed 576K, reserved 1048576K
}

Dll operation events (15 events):
Event: 0.006 Loaded shared library C:\Users\jleto\.gradle\jdks\eclipse_adoptium-17-amd64-windows\jdk-17.0.10+7\bin\java.dll
Event: 0.017 Loaded shared library C:\Users\jleto\.gradle\jdks\eclipse_adoptium-17-amd64-windows\jdk-17.0.10+7\bin\jsvml.dll
Event: 0.050 Loaded shared library C:\Users\jleto\.gradle\jdks\eclipse_adoptium-17-amd64-windows\jdk-17.0.10+7\bin\zip.dll
Event: 0.052 Loaded shared library C:\Users\jleto\.gradle\jdks\eclipse_adoptium-17-amd64-windows\jdk-17.0.10+7\bin\instrument.dll
Event: 0.055 Loaded shared library C:\Users\jleto\.gradle\jdks\eclipse_adoptium-17-amd64-windows\jdk-17.0.10+7\bin\net.dll
Event: 0.056 Loaded shared library C:\Users\jleto\.gradle\jdks\eclipse_adoptium-17-amd64-windows\jdk-17.0.10+7\bin\nio.dll
Event: 0.059 Loaded shared library C:\Users\jleto\.gradle\jdks\eclipse_adoptium-17-amd64-windows\jdk-17.0.10+7\bin\zip.dll
Event: 0.142 Loaded shared library C:\Users\jleto\.gradle\jdks\eclipse_adoptium-17-amd64-windows\jdk-17.0.10+7\bin\jimage.dll
Event: 0.182 Loaded shared library C:\Users\jleto\.gradle\jdks\eclipse_adoptium-17-amd64-windows\jdk-17.0.10+7\bin\verify.dll
Event: 0.282 Loaded shared library C:\Users\jleto\.gradle\native\c067742578af261105cb4f569cf0c3c89f3d7b1fecec35dd04571415982c5e48\windows-amd64\native-platform.dll
Event: 0.285 Loaded shared library C:\Users\jleto\.gradle\native\38dada09dfb8b06ba9b0570ebf7e218e3eb74d4ef43ca46872605cf95ebc2f47\windows-amd64\native-platform-file-events.dll
Event: 0.692 Loaded shared library C:\Users\jleto\.gradle\jdks\eclipse_adoptium-17-amd64-windows\jdk-17.0.10+7\bin\management.dll
Event: 0.694 Loaded shared library C:\Users\jleto\.gradle\jdks\eclipse_adoptium-17-amd64-windows\jdk-17.0.10+7\bin\management_ext.dll
Event: 0.835 Loaded shared library C:\Users\jleto\.gradle\jdks\eclipse_adoptium-17-amd64-windows\jdk-17.0.10+7\bin\extnet.dll
Event: 0.950 Loaded shared library C:\Users\jleto\.gradle\jdks\eclipse_adoptium-17-amd64-windows\jdk-17.0.10+7\bin\sunmscapi.dll

Deoptimization events (20 events):
Event: 1.079 Thread 0x0000019ec97f1af0 Uncommon trap: trap_request=0xffffff45 fr.pc=0x0000019ef0bc1610 relative=0x0000000000000270
Event: 1.079 Thread 0x0000019ec97f1af0 Uncommon trap: reason=unstable_if action=reinterpret pc=0x0000019ef0bc1610 method=java.util.concurrent.ConcurrentHashMap.get(Ljava/lang/Object;)Ljava/lang/Object; @ 76 c2
Event: 1.079 Thread 0x0000019ec97f1af0 DEOPT PACKING pc=0x0000019ef0bc1610 sp=0x00000019672fb720
Event: 1.079 Thread 0x0000019ec97f1af0 DEOPT UNPACKING pc=0x0000019ef04169a3 sp=0x00000019672fb688 mode 2
Event: 1.241 Thread 0x0000019ec97f1af0 Uncommon trap: trap_request=0xffffff45 fr.pc=0x0000019ef0b2db4c relative=0x00000000000001ac
Event: 1.241 Thread 0x0000019ec97f1af0 Uncommon trap: reason=unstable_if action=reinterpret pc=0x0000019ef0b2db4c method=java.util.regex.Matcher.reset()Ljava/util/regex/Matcher; @ 47 c2
Event: 1.241 Thread 0x0000019ec97f1af0 DEOPT PACKING pc=0x0000019ef0b2db4c sp=0x00000019672fae00
Event: 1.241 Thread 0x0000019ec97f1af0 DEOPT UNPACKING pc=0x0000019ef04169a3 sp=0x00000019672fad90 mode 2
Event: 1.253 Thread 0x0000019ec97f1af0 Uncommon trap: trap_request=0xffffff45 fr.pc=0x0000019ef0ba67d8 relative=0x0000000000000738
Event: 1.253 Thread 0x0000019ec97f1af0 Uncommon trap: reason=unstable_if action=reinterpret pc=0x0000019ef0ba67d8 method=java.util.ArrayList.grow(I)[Ljava/lang/Object; @ 17 c2
Event: 1.253 Thread 0x0000019ec97f1af0 DEOPT PACKING pc=0x0000019ef0ba67d8 sp=0x00000019672fcec0
Event: 1.253 Thread 0x0000019ec97f1af0 DEOPT UNPACKING pc=0x0000019ef04169a3 sp=0x00000019672fcd58 mode 2
Event: 1.271 Thread 0x0000019ec97f1af0 Uncommon trap: trap_request=0xffffff45 fr.pc=0x0000019ef0b321bc relative=0x0000000000000abc
Event: 1.271 Thread 0x0000019ec97f1af0 Uncommon trap: reason=unstable_if action=reinterpret pc=0x0000019ef0b321bc method=java.io.WinNTFileSystem.resolve(Ljava/lang/String;Ljava/lang/String;)Ljava/lang/String; @ 19 c2
Event: 1.271 Thread 0x0000019ec97f1af0 DEOPT PACKING pc=0x0000019ef0b321bc sp=0x00000019672fcda0
Event: 1.271 Thread 0x0000019ec97f1af0 DEOPT UNPACKING pc=0x0000019ef04169a3 sp=0x00000019672fcd48 mode 2
Event: 1.272 Thread 0x0000019ec97f1af0 Uncommon trap: trap_request=0xffffff45 fr.pc=0x0000019ef0b863f4 relative=0x00000000000005b4
Event: 1.272 Thread 0x0000019ec97f1af0 Uncommon trap: reason=unstable_if action=reinterpret pc=0x0000019ef0b863f4 method=java.io.File.getName()Ljava/lang/String; @ 16 c2
Event: 1.272 Thread 0x0000019ec97f1af0 DEOPT PACKING pc=0x0000019ef0b863f4 sp=0x00000019672fcd40
Event: 1.272 Thread 0x0000019ec97f1af0 DEOPT UNPACKING pc=0x0000019ef04169a3 sp=0x00000019672fcd10 mode 2

Classes unloaded (0 events):
No events

Classes redefined (0 events):
No events

Internal exceptions (20 events):
Event: 0.705 Thread 0x0000019edfc4c210 Exception <a 'java/lang/NoSuchMethodError'{0x000000074c0790d8}: 'java.lang.Object java.lang.invoke.DirectMethodHandle$Holder.invokeInterface(java.lang.Object, java.lang.Object)'> (0x000000074c0790d8) 
thrown [s\src\hotspot\share\interpreter\linkResolver.cpp, line 759]
Event: 0.791 Thread 0x0000019edfc4c210 Exception <a 'java/lang/NoSuchMethodError'{0x000000074b91efd0}: 'java.lang.Object java.lang.invoke.DirectMethodHandle$Holder.invokeStaticInit(java.lang.Object, int, int, int, int)'> (0x000000074b91efd0) 
thrown [s\src\hotspot\share\interpreter\linkResolver.cpp, line 759]
Event: 0.825 Thread 0x0000019edfc4c210 Exception <a 'java/lang/NoSuchMethodError'{0x000000074b63bca8}: 'java.lang.Object java.lang.invoke.DirectMethodHandle$Holder.invokeStaticInit(java.lang.Object, java.lang.Object, int, int, int, int)'> (0x000000074b63bca8) 
thrown [s\src\hotspot\share\interpreter\linkResolver.cpp, line 759]
Event: 0.910 Thread 0x0000019edfc4c210 Exception <a 'java/lang/NoSuchMethodError'{0x000000074b7934b8}: 'void java.lang.invoke.DirectMethodHandle$Holder.invokeStatic(java.lang.Object, java.lang.Object, java.lang.Object)'> (0x000000074b7934b8) 
thrown [s\src\hotspot\share\interpreter\linkResolver.cpp, line 759]
Event: 0.926 Thread 0x0000019edfc4c210 Exception <a 'java/io/IOException'{0x000000074b467e20}> (0x000000074b467e20) 
thrown [s\src\hotspot\share\prims\jni.cpp, line 516]
Event: 1.022 Thread 0x0000019ec97f1af0 Exception <a 'java/lang/NoSuchMethodError'{0x000000074ad326d8}: 'long java.lang.invoke.DirectMethodHandle$Holder.invokeInterface(java.lang.Object, java.lang.Object)'> (0x000000074ad326d8) 
thrown [s\src\hotspot\share\interpreter\linkResolver.cpp, line 759]
Event: 1.026 Thread 0x0000019ec97f1af0 Exception <a 'java/lang/NoSuchMethodError'{0x000000074ad6a0f8}: 'java.lang.Object java.lang.invoke.DirectMethodHandle$Holder.invokeVirtual(java.lang.Object, java.lang.Object, java.lang.Object)'> (0x000000074ad6a0f8) 
thrown [s\src\hotspot\share\interpreter\linkResolver.cpp, line 759]
Event: 1.059 Thread 0x0000019ec97f1af0 Exception <a 'java/lang/NoSuchMethodError'{0x000000074a91a0e0}: 'void java.lang.invoke.DirectMethodHandle$Holder.invokeStatic(java.lang.Object, java.lang.Object)'> (0x000000074a91a0e0) 
thrown [s\src\hotspot\share\interpreter\linkResolver.cpp, line 759]
Event: 1.106 Thread 0x0000019ec97f1af0 Exception <a 'java/lang/NoSuchMethodError'{0x000000074a5833d0}: 'java.lang.Object java.lang.invoke.DirectMethodHandle$Holder.newInvokeSpecial(java.lang.Object, java.lang.Object, java.lang.Object, java.lang.Object, java.lang.Object, java.lang.Object)'> (0x000000074a5833d0) 
thrown [s\src\hotspot\share\interpreter\linkResolver.cpp, line 759]
Event: 1.108 Thread 0x0000019ec97f1af0 Exception <a 'java/lang/NoSuchMethodError'{0x000000074a59aed8}: 'void java.lang.invoke.DirectMethodHandle$Holder.invokeSpecial(java.lang.Object, java.lang.Object, java.lang.Object, java.lang.Object, java.lang.Object)'> (0x000000074a59aed8) 
thrown [s\src\hotspot\share\interpreter\linkResolver.cpp, line 759]
Event: 1.108 Thread 0x0000019ec97f1af0 Exception <a 'java/lang/NoSuchMethodError'{0x000000074a5aecf8}: 'void java.lang.invoke.DirectMethodHandle$Holder.invokeStaticInit(java.lang.Object, java.lang.Object)'> (0x000000074a5aecf8) 
thrown [s\src\hotspot\share\interpreter\linkResolver.cpp, line 759]
Event: 1.123 Thread 0x0000019ec97f1af0 Exception <a 'java/lang/NoSuchMethodError'{0x000000074a2b85a8}: 'java.lang.Object java.lang.invoke.DirectMethodHandle$Holder.newInvokeSpecial(java.lang.Object, java.lang.Object, java.lang.Object, int, java.lang.Object, java.lang.Object)'> (0x000000074a2b85a8) 
thrown [s\src\hotspot\share\interpreter\linkResolver.cpp, line 759]
Event: 1.147 Thread 0x0000019ec97f1af0 Exception <a 'java/lang/NoSuchMethodError'{0x000000074a0786e8}: 'void java.lang.invoke.DelegatingMethodHandle$Holder.reinvoke_L(java.lang.Object, java.lang.Object, java.lang.Object, java.lang.Object, java.lang.Object, java.lang.Object, java.lang.Object, java.lang.Object, java.lang.Object, java.lang.Object)'> (0x000000074a0786e8) 
thrown [s\src\hotspot\share\interpreter\linkResolver.cpp, line 759]
Event: 1.147 Thread 0x0000019ec97f1af0 Exception <a 'java/lang/NoSuchMethodError'{0x000000074a080b58}: 'java.lang.Object java.lang.invoke.DirectMethodHandle$Holder.invokeSpecial(java.lang.Object, java.lang.Object, java.lang.Object, java.lang.Object, java.lang.Object, java.lang.Object, java.lang.Object, java.lang.Object, java.lang.Object, java.lang.Object)'> (0x000000074a080b58) 
thrown [s\src\hotspot\share\interpreter\linkResolver.cpp, line 759]
Event: 1.147 Thread 0x0000019ec97f1af0 Exception <a 'java/lang/NoSuchMethodError'{0x000000074a085428}: 'java.lang.Object java.lang.invoke.Invokers$Holder.invoker(java.lang.Object, java.lang.Object, java.lang.Object, java.lang.Object, java.lang.Object, java.lang.Object, java.lang.Object, java.lang.Object, java.lang.Object, java.lang.Object)'> (0x000000074a085428) 
thrown [s\src\hotspot\share\interpreter\linkResolver.cpp, line 759]
Event: 1.147 Thread 0x0000019ec97f1af0 Exception <a 'java/lang/NoSuchMethodError'{0x000000074a08afb0}: 'java.lang.Object java.lang.invoke.DirectMethodHandle$Holder.invokeSpecial(java.lang.Object, java.lang.Object, java.lang.Object, java.lang.Object, java.lang.Object, java.lang.Object, java.lang.Object, java.lang.Object, java.lang.Object, java.lang.Object, java.lang.Object)'> (0x000000074a08afb0) 
thrown [s\src\hotspot\share\interpreter\linkResolver.cpp, line 759]
Event: 1.217 Thread 0x0000019ec97f1af0 Exception <a 'java/lang/NoSuchMethodError'{0x0000000749a67388}: 'void java.lang.invoke.DirectMethodHandle$Holder.invokeStaticInit(java.lang.Object)'> (0x0000000749a67388) 
thrown [s\src\hotspot\share\interpreter\linkResolver.cpp, line 759]
Event: 1.229 Thread 0x0000019ec97f1af0 Exception <a 'java/lang/NoSuchMethodError'{0x0000000749b18348}: 'java.lang.Object java.lang.invoke.DirectMethodHandle$Holder.newInvokeSpecial(java.lang.Object, java.lang.Object, java.lang.Object, int)'> (0x0000000749b18348) 
thrown [s\src\hotspot\share\interpreter\linkResolver.cpp, line 759]
Event: 1.229 Thread 0x0000019ec97f1af0 Exception <a 'java/lang/NoSuchMethodError'{0x0000000749b1cc78}: 'java.lang.Object java.lang.invoke.DirectMethodHandle$Holder.invokeSpecial(java.lang.Object, java.lang.Object, java.lang.Object, java.lang.Object, int)'> (0x0000000749b1cc78) 
thrown [s\src\hotspot\share\interpreter\linkResolver.cpp, line 759]
Event: 1.229 Thread 0x0000019ec97f1af0 Exception <a 'java/lang/NoSuchMethodError'{0x0000000749b20d90}: 'java.lang.Object java.lang.invoke.Invokers$Holder.linkToTargetMethod(java.lang.Object, java.lang.Object, int, java.lang.Object)'> (0x0000000749b20d90) 
thrown [s\src\hotspot\share\interpreter\linkResolver.cpp, line 759]

VM Operations (20 events):
Event: 0.669 Executing VM operation: HandshakeAllThreads
Event: 0.669 Executing VM operation: HandshakeAllThreads done
Event: 0.685 Executing VM operation: HandshakeAllThreads
Event: 0.685 Executing VM operation: HandshakeAllThreads done
Event: 0.703 Executing VM operation: HandshakeAllThreads
Event: 0.703 Executing VM operation: HandshakeAllThreads done
Event: 0.742 Executing VM operation: HandshakeAllThreads
Event: 0.742 Executing VM operation: HandshakeAllThreads done
Event: 0.820 Executing VM operation: HandshakeAllThreads
Event: 0.820 Executing VM operation: HandshakeAllThreads done
Event: 0.910 Executing VM operation: HandshakeAllThreads
Event: 0.910 Executing VM operation: HandshakeAllThreads done
Event: 0.941 Executing VM operation: HandshakeAllThreads
Event: 0.941 Executing VM operation: HandshakeAllThreads done
Event: 1.053 Executing VM operation: ICBufferFull
Event: 1.053 Executing VM operation: ICBufferFull done
Event: 1.276 Executing VM operation: HandshakeAllThreads
Event: 1.276 Executing VM operation: HandshakeAllThreads done
Event: 1.276 Executing VM operation: HandshakeAllThreads
Event: 1.276 Executing VM operation: HandshakeAllThreads done

Events (20 events):
Event: 1.210 loading class sun/invoke/util/VerifyAccess$1
Event: 1.210 loading class sun/invoke/util/VerifyAccess$1 done
Event: 1.227 loading class java/util/concurrent/ArrayBlockingQueue
Event: 1.227 loading class java/util/concurrent/ArrayBlockingQueue done
Event: 1.227 loading class java/util/concurrent/locks/ReentrantLock$FairSync
Event: 1.227 loading class java/util/concurrent/locks/ReentrantLock$FairSync done
Event: 1.228 Thread 0x0000019e835aac40 Thread added: 0x0000019e835aac40
Event: 1.231 loading class sun/misc/Unsafe
Event: 1.231 loading class sun/misc/Unsafe done
Event: 1.235 Thread 0x0000019e835a88d0 Thread added: 0x0000019e835a88d0
Event: 1.235 loading class java/net/DatagramPacket
Event: 1.235 loading class java/net/DatagramPacket done
Event: 1.236 loading class sun/nio/ch/DatagramSocketAdaptor$DatagramPackets
Event: 1.236 loading class sun/nio/ch/DatagramSocketAdaptor$DatagramPackets done
Event: 1.272 loading class java/io/File$TempDirectory
Event: 1.272 loading class java/io/File$TempDirectory done
Event: 1.275 loading class java/io/PrintWriter
Event: 1.275 loading class java/io/PrintWriter done
Event: 1.275 loading class sun/nio/cs/UTF_8$Encoder
Event: 1.276 loading class sun/nio/cs/UTF_8$Encoder done


Dynamic libraries:
0x00007ff7486a0000 - 0x00007ff7486ae000 	C:\Users\jleto\.gradle\jdks\eclipse_adoptium-17-amd64-windows\jdk-17.0.10+7\bin\java.exe
0x00007ffa96730000 - 0x00007ffa96947000 	C:\Windows\SYSTEM32\ntdll.dll
0x00007ffa944b0000 - 0x00007ffa94574000 	C:\Windows\System32\KERNEL32.DLL
0x00007ffa93fb0000 - 0x00007ffa94356000 	C:\Windows\System32\KERNELBASE.dll
0x00007ffa93cf0000 - 0x00007ffa93e01000 	C:\Windows\System32\ucrtbase.dll
0x00007ffa7e390000 - 0x00007ffa7e3a7000 	C:\Users\jleto\.gradle\jdks\eclipse_adoptium-17-amd64-windows\jdk-17.0.10+7\bin\jli.dll
0x00007ffa7d4a0000 - 0x00007ffa7d4bb000 	C:\Users\jleto\.gradle\jdks\eclipse_adoptium-17-amd64-windows\jdk-17.0.10+7\bin\VCRUNTIME140.dll
0x00007ffa95370000 - 0x00007ffa9551e000 	C:\Windows\System32\USER32.dll
0x00007ffa714a0000 - 0x00007ffa71733000 	C:\Windows\WinSxS\amd64_microsoft.windows.common-controls_6595b64144ccf1df_6.0.22621.2506_none_270c5ae97388e100\COMCTL32.dll
0x00007ffa93a70000 - 0x00007ffa93a96000 	C:\Windows\System32\win32u.dll
0x00007ffa94950000 - 0x00007ffa949f7000 	C:\Windows\System32\msvcrt.dll
0x00007ffa94480000 - 0x00007ffa944a9000 	C:\Windows\System32\GDI32.dll
0x00007ffa94360000 - 0x00007ffa94478000 	C:\Windows\System32\gdi32full.dll
0x00007ffa93aa0000 - 0x00007ffa93b3a000 	C:\Windows\System32\msvcp_win.dll
0x00007ffa95130000 - 0x00007ffa95161000 	C:\Windows\System32\IMM32.DLL
0x00007ffa7f5f0000 - 0x00007ffa7f5fc000 	C:\Users\jleto\.gradle\jdks\eclipse_adoptium-17-amd64-windows\jdk-17.0.10+7\bin\vcruntime140_1.dll
0x00007ffa54840000 - 0x00007ffa548cd000 	C:\Users\jleto\.gradle\jdks\eclipse_adoptium-17-amd64-windows\jdk-17.0.10+7\bin\msvcp140.dll
0x00007ffa16e10000 - 0x00007ffa17a72000 	C:\Users\jleto\.gradle\jdks\eclipse_adoptium-17-amd64-windows\jdk-17.0.10+7\bin\server\jvm.dll
0x00007ffa94800000 - 0x00007ffa948b3000 	C:\Windows\System32\ADVAPI32.dll
0x00007ffa94e80000 - 0x00007ffa94f28000 	C:\Windows\System32\sechost.dll
0x00007ffa93e10000 - 0x00007ffa93e38000 	C:\Windows\System32\bcrypt.dll
0x00007ffa946e0000 - 0x00007ffa947f7000 	C:\Windows\System32\RPCRT4.dll
0x00007ffa78830000 - 0x00007ffa78839000 	C:\Windows\SYSTEM32\WSOCK32.dll
0x00007ffa8bfc0000 - 0x00007ffa8bff4000 	C:\Windows\SYSTEM32\WINMM.dll
0x00007ffa928c0000 - 0x00007ffa9290d000 	C:\Windows\SYSTEM32\POWRPROF.dll
0x00007ffa95a80000 - 0x00007ffa95af1000 	C:\Windows\System32\WS2_32.dll
0x00007ffa8ae40000 - 0x00007ffa8ae4a000 	C:\Windows\SYSTEM32\VERSION.dll
0x00007ffa928a0000 - 0x00007ffa928b3000 	C:\Windows\SYSTEM32\UMPDC.dll
0x00007ffa92b60000 - 0x00007ffa92b78000 	C:\Windows\SYSTEM32\kernel.appcore.dll
0x00007ffa7e3d0000 - 0x00007ffa7e3da000 	C:\Users\jleto\.gradle\jdks\eclipse_adoptium-17-amd64-windows\jdk-17.0.10+7\bin\jimage.dll
0x00007ffa91440000 - 0x00007ffa91673000 	C:\Windows\SYSTEM32\DBGHELP.DLL
0x00007ffa95b00000 - 0x00007ffa95e89000 	C:\Windows\System32\combase.dll
0x00007ffa959a0000 - 0x00007ffa95a77000 	C:\Windows\System32\OLEAUT32.dll
0x00007ffa89900000 - 0x00007ffa89932000 	C:\Windows\SYSTEM32\dbgcore.DLL
0x00007ffa93b40000 - 0x00007ffa93bba000 	C:\Windows\System32\bcryptPrimitives.dll
0x00007ffa7e2f0000 - 0x00007ffa7e2fe000 	C:\Users\jleto\.gradle\jdks\eclipse_adoptium-17-amd64-windows\jdk-17.0.10+7\bin\instrument.dll
0x00007ffa7a9b0000 - 0x00007ffa7a9d5000 	C:\Users\jleto\.gradle\jdks\eclipse_adoptium-17-amd64-windows\jdk-17.0.10+7\bin\java.dll
0x00007ffa37310000 - 0x00007ffa373e7000 	C:\Users\jleto\.gradle\jdks\eclipse_adoptium-17-amd64-windows\jdk-17.0.10+7\bin\jsvml.dll
0x00007ffa95e90000 - 0x00007ffa966eb000 	C:\Windows\System32\SHELL32.dll
0x00007ffa91990000 - 0x00007ffa92286000 	C:\Windows\SYSTEM32\windows.storage.dll
0x00007ffa91850000 - 0x00007ffa9198e000 	C:\Windows\SYSTEM32\wintypes.dll
0x00007ffa956a0000 - 0x00007ffa95793000 	C:\Windows\System32\SHCORE.dll
0x00007ffa95520000 - 0x00007ffa9557e000 	C:\Windows\System32\shlwapi.dll
0x00007ffa939a0000 - 0x00007ffa939c6000 	C:\Windows\SYSTEM32\profapi.dll
0x00007ffa7a270000 - 0x00007ffa7a288000 	C:\Users\jleto\.gradle\jdks\eclipse_adoptium-17-amd64-windows\jdk-17.0.10+7\bin\zip.dll
0x00007ffa75ae0000 - 0x00007ffa75af9000 	C:\Users\jleto\.gradle\jdks\eclipse_adoptium-17-amd64-windows\jdk-17.0.10+7\bin\net.dll
0x00007ffa8d6a0000 - 0x00007ffa8d7d7000 	C:\Windows\SYSTEM32\WINHTTP.dll
0x00007ffa92fd0000 - 0x00007ffa93039000 	C:\Windows\system32\mswsock.dll
0x00007ffa73b80000 - 0x00007ffa73b96000 	C:\Users\jleto\.gradle\jdks\eclipse_adoptium-17-amd64-windows\jdk-17.0.10+7\bin\nio.dll
0x00007ffa7b0f0000 - 0x00007ffa7b100000 	C:\Users\jleto\.gradle\jdks\eclipse_adoptium-17-amd64-windows\jdk-17.0.10+7\bin\verify.dll
0x00007ffa7d2a0000 - 0x00007ffa7d2c7000 	C:\Users\jleto\.gradle\native\c067742578af261105cb4f569cf0c3c89f3d7b1fecec35dd04571415982c5e48\windows-amd64\native-platform.dll
0x00007ffa36780000 - 0x00007ffa368c4000 	C:\Users\jleto\.gradle\native\38dada09dfb8b06ba9b0570ebf7e218e3eb74d4ef43ca46872605cf95ebc2f47\windows-amd64\native-platform-file-events.dll
0x00007ffa7a240000 - 0x00007ffa7a249000 	C:\Users\jleto\.gradle\jdks\eclipse_adoptium-17-amd64-windows\jdk-17.0.10+7\bin\management.dll
0x00007ffa7a050000 - 0x00007ffa7a05b000 	C:\Users\jleto\.gradle\jdks\eclipse_adoptium-17-amd64-windows\jdk-17.0.10+7\bin\management_ext.dll
0x00007ffa95360000 - 0x00007ffa95368000 	C:\Windows\System32\PSAPI.DLL
0x00007ffa93320000 - 0x00007ffa9333b000 	C:\Windows\SYSTEM32\CRYPTSP.dll
0x00007ffa92ac0000 - 0x00007ffa92af5000 	C:\Windows\system32\rsaenh.dll
0x00007ffa93070000 - 0x00007ffa9309c000 	C:\Windows\SYSTEM32\USERENV.dll
0x00007ffa93300000 - 0x00007ffa9330c000 	C:\Windows\SYSTEM32\CRYPTBASE.dll
0x00007ffa924e0000 - 0x00007ffa9250d000 	C:\Windows\SYSTEM32\IPHLPAPI.DLL
0x00007ffa95330000 - 0x00007ffa95339000 	C:\Windows\System32\NSI.dll
0x00007ffa8d440000 - 0x00007ffa8d459000 	C:\Windows\SYSTEM32\dhcpcsvc6.DLL
0x00007ffa8d3d0000 - 0x00007ffa8d3ef000 	C:\Windows\SYSTEM32\dhcpcsvc.DLL
0x00007ffa92510000 - 0x00007ffa92609000 	C:\Windows\SYSTEM32\DNSAPI.dll
0x00007ffa791a0000 - 0x00007ffa791a9000 	C:\Users\jleto\.gradle\jdks\eclipse_adoptium-17-amd64-windows\jdk-17.0.10+7\bin\extnet.dll
0x00007ffa72670000 - 0x00007ffa7267e000 	C:\Users\jleto\.gradle\jdks\eclipse_adoptium-17-amd64-windows\jdk-17.0.10+7\bin\sunmscapi.dll
0x00007ffa93e40000 - 0x00007ffa93fa6000 	C:\Windows\System32\CRYPT32.dll
0x00007ffa93410000 - 0x00007ffa9343e000 	C:\Windows\SYSTEM32\ncrypt.dll
0x00007ffa933d0000 - 0x00007ffa93407000 	C:\Windows\SYSTEM32\NTASN1.dll
0x00007ffa605a0000 - 0x00007ffa605a8000 	C:\Windows\system32\wshunix.dll

dbghelp: loaded successfully - version: 4.0.5 - missing functions: none
symbol engine: initialized successfully - sym options: 0x614 - pdb path: .;C:\Users\jleto\.gradle\jdks\eclipse_adoptium-17-amd64-windows\jdk-17.0.10+7\bin;C:\Windows\SYSTEM32;C:\Windows\WinSxS\amd64_microsoft.windows.common-controls_6595b64144ccf1df_6.0.22621.2506_none_270c5ae97388e100;C:\Users\jleto\.gradle\jdks\eclipse_adoptium-17-amd64-windows\jdk-17.0.10+7\bin\server;C:\Users\jleto\.gradle\native\c067742578af261105cb4f569cf0c3c89f3d7b1fecec35dd04571415982c5e48\windows-amd64;C:\Users\jleto\.gradle\native\38dada09dfb8b06ba9b0570ebf7e218e3eb74d4ef43ca46872605cf95ebc2f47\windows-amd64

VM Arguments:
jvm_args: --add-opens=java.base/java.util=ALL-UNNAMED --add-opens=java.base/java.lang=ALL-UNNAMED --add-opens=java.base/java.lang.invoke=ALL-UNNAMED --add-opens=java.prefs/java.util.prefs=ALL-UNNAMED --add-opens=java.base/java.nio.charset=ALL-UNNAMED --add-opens=java.base/java.net=ALL-UNNAMED --add-opens=java.base/java.util.concurrent.atomic=ALL-UNNAMED -Xmx3G -Dfile.encoding=windows-1252 -Duser.country=US -Duser.language=en -Duser.variant -javaagent:C:\Users\jleto\.gradle\wrapper\dists\gradle-8.4-all\56r6xik2f6skrm47et0ibifug\gradle-8.4\lib\agents\gradle-instrumentation-agent-8.4.jar 
java_command: org.gradle.launcher.daemon.bootstrap.GradleDaemon 8.4
java_class_path (initial): C:\Users\jleto\.gradle\wrapper\dists\gradle-8.4-all\56r6xik2f6skrm47et0ibifug\gradle-8.4\lib\gradle-launcher-8.4.jar
Launcher Type: SUN_STANDARD

[Global flags]
     intx CICompilerCount                          = 12                                        {product} {ergonomic}
     uint ConcGCThreads                            = 3                                         {product} {ergonomic}
     uint G1ConcRefinementThreads                  = 13                                        {product} {ergonomic}
   size_t G1HeapRegionSize                         = 2097152                                   {product} {ergonomic}
    uintx GCDrainStackTargetSize                   = 64                                        {product} {ergonomic}
   size_t InitialHeapSize                          = 230686720                                 {product} {ergonomic}
   size_t MarkStackSize                            = 4194304                                   {product} {ergonomic}
   size_t MaxHeapSize                              = 3221225472                                {product} {command line}
   size_t MaxNewSize                               = 1931476992                                {product} {ergonomic}
   size_t MinHeapDeltaBytes                        = 2097152                                   {product} {ergonomic}
   size_t MinHeapSize                              = 8388608                                   {product} {ergonomic}
    uintx NonNMethodCodeHeapSize                   = 7602480                                {pd product} {ergonomic}
    uintx NonProfiledCodeHeapSize                  = 122027880                              {pd product} {ergonomic}
    uintx ProfiledCodeHeapSize                     = 122027880                              {pd product} {ergonomic}
    uintx ReservedCodeCacheSize                    = 251658240                              {pd product} {ergonomic}
     bool SegmentedCodeCache                       = true                                      {product} {ergonomic}
   size_t SoftMaxHeapSize                          = 3221225472                             {manageable} {ergonomic}
     bool UseCompressedClassPointers               = true                           {product lp64_product} {ergonomic}
     bool UseCompressedOops                        = true                           {product lp64_product} {ergonomic}
     bool UseG1GC                                  = true                                      {product} {ergonomic}
     bool UseLargePagesIndividualAllocation        = false                                  {pd product} {ergonomic}

Logging:
Log output configuration:
 #0: stdout all=warning uptime,level,tags
 #1: stderr all=off uptime,level,tags

Environment Variables:
JAVA_HOME=C:\Program Files\Eclipse Adoptium\jre-21.0.2.13-hotspot\
PATH=C:\Program Files (x86)\Common Files\Oracle\Java\javapath;C:\Program Files\Eclipse Adoptium\jre-21.0.2.13-hotspot\bin;C:\Program Files (x86)\Razer Chroma SDK\bin;C:\Program Files\Razer Chroma SDK\bin;C:\Program Files (x86)\Razer\ChromaBroadcast\bin;C:\Program Files\Razer\ChromaBroadcast\bin;C:\Program Files\Oculus\Support\oculus-runtime;C:\Program Files (x86)\Common Files\Intel\Shared Libraries\redist\intel64\compiler;C:\Windows\system32;C:\Windows;C:\Windows\System32\Wbem;C:\Windows\System32\WindowsPowerShell\v1.0\;C:\Windows\System32\OpenSSH\;C:\Program Files (x86)\NVIDIA Corporation\PhysX\Common;C:\Program Files\NVIDIA Corporation\NVIDIA NvDLISR;C:\Windows\system32\config\systemprofile\AppData\Local\Microsoft\WindowsApps;C:\Program Files\Prio;C:\Users\jleto\AppData\Local\Microsoft\WindowsApps;;C:\Users\jleto\AppData\Local\Programs\Microsoft VS Code\bin
USERNAME=jleto
OS=Windows_NT
PROCESSOR_IDENTIFIER=AMD64 Family 25 Model 68 Stepping 1, AuthenticAMD
TMP=C:\Users\jleto\AppData\Local\Temp
TEMP=C:\Users\jleto\AppData\Local\Temp



Periodic native trim disabled


---------------  S Y S T E M  ---------------

OS:
 Windows 11 , 64 bit Build 22621 (10.0.22621.3085)
OS uptime: 1 days 17:58 hours
Hyper-V role detected

CPU: total 16 (initial active 16) (16 cores per cpu, 2 threads per core) family 25 model 68 stepping 1 microcode 0x0, cx8, cmov, fxsr, ht, mmx, 3dnowpref, sse, sse2, sse3, ssse3, sse4a, sse4.1, sse4.2, popcnt, lzcnt, tsc, tscinvbit, avx, avx2, aes, erms, clmul, bmi1, bmi2, adx, sha, fma, vzeroupper, clflush, clflushopt, hv
Processor Information for all 16 processors :
  Max Mhz: 3201, Current Mhz: 3201, Mhz Limit: 3201

Memory: 4k page, system-wide physical 14020M (358M free)
TotalPageFile size 57028M (AvailPageFile size 4M)
current process WorkingSet (physical memory assigned to process): 179M, peak: 179M
current process commit charge ("private bytes"): 382M, peak: 383M

vm_info: OpenJDK 64-Bit Server VM (17.0.10+7) for windows-amd64 JRE (17.0.10+7), built on Jan 16 2024 23:25:11 by "admin" with MS VC++ 16.10 / 16.11 (VS2019)

END.
